Start testing: Apr 04 20:34 UTC
----------------------------------------------------------
1/66 Testing: EqualPaths.Empty
1/66 Test: EqualPaths.Empty
Command: "/usr/bin/valgrind" "--tool=memcheck" "--leak-check=yes" "--trace-children=no" "/work/hw-nemsisss/hw4/hw4_tests/equalpaths_tests/equalpaths_tests" "--gtest_filter=EqualPaths.Empty"
Directory: /work/hw-nemsisss/hw4/hw4_tests/equalpaths_tests
"EqualPaths.Empty" start time: Apr 04 20:34 UTC
Output:
----------------------------------------------------------
==61412== Memcheck, a memory error detector
==61412== Copyright (C) 2002-2017, and GNU GPL'd, by Julian Seward et al.
==61412== Using Valgrind-3.15.0 and LibVEX; rerun with -h for copyright info
==61412== Command: /work/hw-nemsisss/hw4/hw4_tests/equalpaths_tests/equalpaths_tests --gtest_filter=EqualPaths.Empty
==61412== 
Running main() from /build/googletest-j5yxiC/googletest-1.10.0/googletest/src/gtest_main.cc
Note: Google Test filter = EqualPaths.Empty
[==========] Running 1 test from 1 test suite.
[----------] Global test environment set-up.
[----------] 1 test from EqualPaths
[ RUN      ] EqualPaths.Empty
[       OK ] EqualPaths.Empty (10 ms)
[----------] 1 test from EqualPaths (18 ms total)

[----------] Global test environment tear-down
[==========] 1 test from 1 test suite ran. (49 ms total)
[  PASSED  ] 1 test.
==61412== 
==61412== HEAP SUMMARY:
==61412==     in use at exit: 0 bytes in 0 blocks
==61412==   total heap usage: 279 allocs, 279 frees, 122,142 bytes allocated
==61412== 
==61412== All heap blocks were freed -- no leaks are possible
==61412== 
==61412== For lists of detected and suppressed errors, rerun with: -s
==61412== ERROR SUMMARY: 0 errors from 0 contexts (suppressed: 0 from 0)
<end of output>
Test time =   2.93 sec
----------------------------------------------------------
Test Passed.
"EqualPaths.Empty" end time: Apr 04 20:34 UTC
"EqualPaths.Empty" time elapsed: 00:00:02
----------------------------------------------------------

2/66 Testing: EqualPaths.RootOnly
2/66 Test: EqualPaths.RootOnly
Command: "/usr/bin/valgrind" "--tool=memcheck" "--leak-check=yes" "--trace-children=no" "/work/hw-nemsisss/hw4/hw4_tests/equalpaths_tests/equalpaths_tests" "--gtest_filter=EqualPaths.RootOnly"
Directory: /work/hw-nemsisss/hw4/hw4_tests/equalpaths_tests
"EqualPaths.RootOnly" start time: Apr 04 20:34 UTC
Output:
----------------------------------------------------------
==61413== Memcheck, a memory error detector
==61413== Copyright (C) 2002-2017, and GNU GPL'd, by Julian Seward et al.
==61413== Using Valgrind-3.15.0 and LibVEX; rerun with -h for copyright info
==61413== Command: /work/hw-nemsisss/hw4/hw4_tests/equalpaths_tests/equalpaths_tests --gtest_filter=EqualPaths.RootOnly
==61413== 
Running main() from /build/googletest-j5yxiC/googletest-1.10.0/googletest/src/gtest_main.cc
Note: Google Test filter = EqualPaths.RootOnly
[==========] Running 1 test from 1 test suite.
[----------] Global test environment set-up.
[----------] 1 test from EqualPaths
[ RUN      ] EqualPaths.RootOnly
[       OK ] EqualPaths.RootOnly (8 ms)
[----------] 1 test from EqualPaths (16 ms total)

[----------] Global test environment tear-down
[==========] 1 test from 1 test suite ran. (39 ms total)
[  PASSED  ] 1 test.
==61413== 
==61413== HEAP SUMMARY:
==61413==     in use at exit: 0 bytes in 0 blocks
==61413==   total heap usage: 279 allocs, 279 frees, 122,163 bytes allocated
==61413== 
==61413== All heap blocks were freed -- no leaks are possible
==61413== 
==61413== For lists of detected and suppressed errors, rerun with: -s
==61413== ERROR SUMMARY: 0 errors from 0 contexts (suppressed: 0 from 0)
<end of output>
Test time =   1.20 sec
----------------------------------------------------------
Test Passed.
"EqualPaths.RootOnly" end time: Apr 04 20:34 UTC
"EqualPaths.RootOnly" time elapsed: 00:00:01
----------------------------------------------------------

3/66 Testing: EqualPaths.RootLeft
3/66 Test: EqualPaths.RootLeft
Command: "/usr/bin/valgrind" "--tool=memcheck" "--leak-check=yes" "--trace-children=no" "/work/hw-nemsisss/hw4/hw4_tests/equalpaths_tests/equalpaths_tests" "--gtest_filter=EqualPaths.RootLeft"
Directory: /work/hw-nemsisss/hw4/hw4_tests/equalpaths_tests
"EqualPaths.RootLeft" start time: Apr 04 20:34 UTC
Output:
----------------------------------------------------------
==61414== Memcheck, a memory error detector
==61414== Copyright (C) 2002-2017, and GNU GPL'd, by Julian Seward et al.
==61414== Using Valgrind-3.15.0 and LibVEX; rerun with -h for copyright info
==61414== Command: /work/hw-nemsisss/hw4/hw4_tests/equalpaths_tests/equalpaths_tests --gtest_filter=EqualPaths.RootLeft
==61414== 
Running main() from /build/googletest-j5yxiC/googletest-1.10.0/googletest/src/gtest_main.cc
Note: Google Test filter = EqualPaths.RootLeft
[==========] Running 1 test from 1 test suite.
[----------] Global test environment set-up.
[----------] 1 test from EqualPaths
[ RUN      ] EqualPaths.RootLeft
[       OK ] EqualPaths.RootLeft (11 ms)
[----------] 1 test from EqualPaths (18 ms total)

[----------] Global test environment tear-down
[==========] 1 test from 1 test suite ran. (49 ms total)
[  PASSED  ] 1 test.
==61414== 
==61414== HEAP SUMMARY:
==61414==     in use at exit: 0 bytes in 0 blocks
==61414==   total heap usage: 279 allocs, 279 frees, 122,163 bytes allocated
==61414== 
==61414== All heap blocks were freed -- no leaks are possible
==61414== 
==61414== For lists of detected and suppressed errors, rerun with: -s
==61414== ERROR SUMMARY: 0 errors from 0 contexts (suppressed: 0 from 0)
<end of output>
Test time =   1.09 sec
----------------------------------------------------------
Test Passed.
"EqualPaths.RootLeft" end time: Apr 04 20:34 UTC
"EqualPaths.RootLeft" time elapsed: 00:00:01
----------------------------------------------------------

4/66 Testing: EqualPaths.RootRight
4/66 Test: EqualPaths.RootRight
Command: "/usr/bin/valgrind" "--tool=memcheck" "--leak-check=yes" "--trace-children=no" "/work/hw-nemsisss/hw4/hw4_tests/equalpaths_tests/equalpaths_tests" "--gtest_filter=EqualPaths.RootRight"
Directory: /work/hw-nemsisss/hw4/hw4_tests/equalpaths_tests
"EqualPaths.RootRight" start time: Apr 04 20:34 UTC
Output:
----------------------------------------------------------
==61415== Memcheck, a memory error detector
==61415== Copyright (C) 2002-2017, and GNU GPL'd, by Julian Seward et al.
==61415== Using Valgrind-3.15.0 and LibVEX; rerun with -h for copyright info
==61415== Command: /work/hw-nemsisss/hw4/hw4_tests/equalpaths_tests/equalpaths_tests --gtest_filter=EqualPaths.RootRight
==61415== 
Running main() from /build/googletest-j5yxiC/googletest-1.10.0/googletest/src/gtest_main.cc
Note: Google Test filter = EqualPaths.RootRight
[==========] Running 1 test from 1 test suite.
[----------] Global test environment set-up.
[----------] 1 test from EqualPaths
[ RUN      ] EqualPaths.RootRight
[       OK ] EqualPaths.RootRight (10 ms)
[----------] 1 test from EqualPaths (21 ms total)

[----------] Global test environment tear-down
[==========] 1 test from 1 test suite ran. (49 ms total)
[  PASSED  ] 1 test.
==61415== 
==61415== HEAP SUMMARY:
==61415==     in use at exit: 0 bytes in 0 blocks
==61415==   total heap usage: 279 allocs, 279 frees, 122,170 bytes allocated
==61415== 
==61415== All heap blocks were freed -- no leaks are possible
==61415== 
==61415== For lists of detected and suppressed errors, rerun with: -s
==61415== ERROR SUMMARY: 0 errors from 0 contexts (suppressed: 0 from 0)
<end of output>
Test time =   1.11 sec
----------------------------------------------------------
Test Passed.
"EqualPaths.RootRight" end time: Apr 04 20:34 UTC
"EqualPaths.RootRight" time elapsed: 00:00:01
----------------------------------------------------------

5/66 Testing: EqualPaths.Full1
5/66 Test: EqualPaths.Full1
Command: "/usr/bin/valgrind" "--tool=memcheck" "--leak-check=yes" "--trace-children=no" "/work/hw-nemsisss/hw4/hw4_tests/equalpaths_tests/equalpaths_tests" "--gtest_filter=EqualPaths.Full1"
Directory: /work/hw-nemsisss/hw4/hw4_tests/equalpaths_tests
"EqualPaths.Full1" start time: Apr 04 20:34 UTC
Output:
----------------------------------------------------------
==61416== Memcheck, a memory error detector
==61416== Copyright (C) 2002-2017, and GNU GPL'd, by Julian Seward et al.
==61416== Using Valgrind-3.15.0 and LibVEX; rerun with -h for copyright info
==61416== Command: /work/hw-nemsisss/hw4/hw4_tests/equalpaths_tests/equalpaths_tests --gtest_filter=EqualPaths.Full1
==61416== 
Running main() from /build/googletest-j5yxiC/googletest-1.10.0/googletest/src/gtest_main.cc
Note: Google Test filter = EqualPaths.Full1
[==========] Running 1 test from 1 test suite.
[----------] Global test environment set-up.
[----------] 1 test from EqualPaths
[ RUN      ] EqualPaths.Full1
[       OK ] EqualPaths.Full1 (10 ms)
[----------] 1 test from EqualPaths (16 ms total)

[----------] Global test environment tear-down
[==========] 1 test from 1 test suite ran. (42 ms total)
[  PASSED  ] 1 test.
==61416== 
==61416== HEAP SUMMARY:
==61416==     in use at exit: 0 bytes in 0 blocks
==61416==   total heap usage: 279 allocs, 279 frees, 122,142 bytes allocated
==61416== 
==61416== All heap blocks were freed -- no leaks are possible
==61416== 
==61416== For lists of detected and suppressed errors, rerun with: -s
==61416== ERROR SUMMARY: 0 errors from 0 contexts (suppressed: 0 from 0)
<end of output>
Test time =   1.24 sec
----------------------------------------------------------
Test Passed.
"EqualPaths.Full1" end time: Apr 04 20:34 UTC
"EqualPaths.Full1" time elapsed: 00:00:01
----------------------------------------------------------

6/66 Testing: EqualPaths.TrueTest1
6/66 Test: EqualPaths.TrueTest1
Command: "/usr/bin/valgrind" "--tool=memcheck" "--leak-check=yes" "--trace-children=no" "/work/hw-nemsisss/hw4/hw4_tests/equalpaths_tests/equalpaths_tests" "--gtest_filter=EqualPaths.TrueTest1"
Directory: /work/hw-nemsisss/hw4/hw4_tests/equalpaths_tests
"EqualPaths.TrueTest1" start time: Apr 04 20:34 UTC
Output:
----------------------------------------------------------
==61417== Memcheck, a memory error detector
==61417== Copyright (C) 2002-2017, and GNU GPL'd, by Julian Seward et al.
==61417== Using Valgrind-3.15.0 and LibVEX; rerun with -h for copyright info
==61417== Command: /work/hw-nemsisss/hw4/hw4_tests/equalpaths_tests/equalpaths_tests --gtest_filter=EqualPaths.TrueTest1
==61417== 
Running main() from /build/googletest-j5yxiC/googletest-1.10.0/googletest/src/gtest_main.cc
Note: Google Test filter = EqualPaths.TrueTest1
[==========] Running 1 test from 1 test suite.
[----------] Global test environment set-up.
[----------] 1 test from EqualPaths
[ RUN      ] EqualPaths.TrueTest1
[       OK ] EqualPaths.TrueTest1 (9 ms)
[----------] 1 test from EqualPaths (18 ms total)

[----------] Global test environment tear-down
[==========] 1 test from 1 test suite ran. (41 ms total)
[  PASSED  ] 1 test.
==61417== 
==61417== HEAP SUMMARY:
==61417==     in use at exit: 0 bytes in 0 blocks
==61417==   total heap usage: 279 allocs, 279 frees, 122,170 bytes allocated
==61417== 
==61417== All heap blocks were freed -- no leaks are possible
==61417== 
==61417== For lists of detected and suppressed errors, rerun with: -s
==61417== ERROR SUMMARY: 0 errors from 0 contexts (suppressed: 0 from 0)
<end of output>
Test time =   1.15 sec
----------------------------------------------------------
Test Passed.
"EqualPaths.TrueTest1" end time: Apr 04 20:34 UTC
"EqualPaths.TrueTest1" time elapsed: 00:00:01
----------------------------------------------------------

7/66 Testing: EqualPaths.TrueTest2
7/66 Test: EqualPaths.TrueTest2
Command: "/usr/bin/valgrind" "--tool=memcheck" "--leak-check=yes" "--trace-children=no" "/work/hw-nemsisss/hw4/hw4_tests/equalpaths_tests/equalpaths_tests" "--gtest_filter=EqualPaths.TrueTest2"
Directory: /work/hw-nemsisss/hw4/hw4_tests/equalpaths_tests
"EqualPaths.TrueTest2" start time: Apr 04 20:34 UTC
Output:
----------------------------------------------------------
==61418== Memcheck, a memory error detector
==61418== Copyright (C) 2002-2017, and GNU GPL'd, by Julian Seward et al.
==61418== Using Valgrind-3.15.0 and LibVEX; rerun with -h for copyright info
==61418== Command: /work/hw-nemsisss/hw4/hw4_tests/equalpaths_tests/equalpaths_tests --gtest_filter=EqualPaths.TrueTest2
==61418== 
Running main() from /build/googletest-j5yxiC/googletest-1.10.0/googletest/src/gtest_main.cc
Note: Google Test filter = EqualPaths.TrueTest2
[==========] Running 1 test from 1 test suite.
[----------] Global test environment set-up.
[----------] 1 test from EqualPaths
[ RUN      ] EqualPaths.TrueTest2
[       OK ] EqualPaths.TrueTest2 (11 ms)
[----------] 1 test from EqualPaths (17 ms total)

[----------] Global test environment tear-down
[==========] 1 test from 1 test suite ran. (40 ms total)
[  PASSED  ] 1 test.
==61418== 
==61418== HEAP SUMMARY:
==61418==     in use at exit: 0 bytes in 0 blocks
==61418==   total heap usage: 279 allocs, 279 frees, 122,170 bytes allocated
==61418== 
==61418== All heap blocks were freed -- no leaks are possible
==61418== 
==61418== For lists of detected and suppressed errors, rerun with: -s
==61418== ERROR SUMMARY: 0 errors from 0 contexts (suppressed: 0 from 0)
<end of output>
Test time =   1.21 sec
----------------------------------------------------------
Test Passed.
"EqualPaths.TrueTest2" end time: Apr 04 20:34 UTC
"EqualPaths.TrueTest2" time elapsed: 00:00:01
----------------------------------------------------------

8/66 Testing: EqualPaths.TrueTest3
8/66 Test: EqualPaths.TrueTest3
Command: "/usr/bin/valgrind" "--tool=memcheck" "--leak-check=yes" "--trace-children=no" "/work/hw-nemsisss/hw4/hw4_tests/equalpaths_tests/equalpaths_tests" "--gtest_filter=EqualPaths.TrueTest3"
Directory: /work/hw-nemsisss/hw4/hw4_tests/equalpaths_tests
"EqualPaths.TrueTest3" start time: Apr 04 20:34 UTC
Output:
----------------------------------------------------------
==61419== Memcheck, a memory error detector
==61419== Copyright (C) 2002-2017, and GNU GPL'd, by Julian Seward et al.
==61419== Using Valgrind-3.15.0 and LibVEX; rerun with -h for copyright info
==61419== Command: /work/hw-nemsisss/hw4/hw4_tests/equalpaths_tests/equalpaths_tests --gtest_filter=EqualPaths.TrueTest3
==61419== 
Running main() from /build/googletest-j5yxiC/googletest-1.10.0/googletest/src/gtest_main.cc
Note: Google Test filter = EqualPaths.TrueTest3
[==========] Running 1 test from 1 test suite.
[----------] Global test environment set-up.
[----------] 1 test from EqualPaths
[ RUN      ] EqualPaths.TrueTest3
[       OK ] EqualPaths.TrueTest3 (14 ms)
[----------] 1 test from EqualPaths (22 ms total)

[----------] Global test environment tear-down
[==========] 1 test from 1 test suite ran. (54 ms total)
[  PASSED  ] 1 test.
==61419== 
==61419== HEAP SUMMARY:
==61419==     in use at exit: 0 bytes in 0 blocks
==61419==   total heap usage: 279 allocs, 279 frees, 122,170 bytes allocated
==61419== 
==61419== All heap blocks were freed -- no leaks are possible
==61419== 
==61419== For lists of detected and suppressed errors, rerun with: -s
==61419== ERROR SUMMARY: 0 errors from 0 contexts (suppressed: 0 from 0)
<end of output>
Test time =   1.20 sec
----------------------------------------------------------
Test Passed.
"EqualPaths.TrueTest3" end time: Apr 04 20:34 UTC
"EqualPaths.TrueTest3" time elapsed: 00:00:01
----------------------------------------------------------

9/66 Testing: EqualPaths.TrueTest4
9/66 Test: EqualPaths.TrueTest4
Command: "/usr/bin/valgrind" "--tool=memcheck" "--leak-check=yes" "--trace-children=no" "/work/hw-nemsisss/hw4/hw4_tests/equalpaths_tests/equalpaths_tests" "--gtest_filter=EqualPaths.TrueTest4"
Directory: /work/hw-nemsisss/hw4/hw4_tests/equalpaths_tests
"EqualPaths.TrueTest4" start time: Apr 04 20:34 UTC
Output:
----------------------------------------------------------
==61420== Memcheck, a memory error detector
==61420== Copyright (C) 2002-2017, and GNU GPL'd, by Julian Seward et al.
==61420== Using Valgrind-3.15.0 and LibVEX; rerun with -h for copyright info
==61420== Command: /work/hw-nemsisss/hw4/hw4_tests/equalpaths_tests/equalpaths_tests --gtest_filter=EqualPaths.TrueTest4
==61420== 
Running main() from /build/googletest-j5yxiC/googletest-1.10.0/googletest/src/gtest_main.cc
Note: Google Test filter = EqualPaths.TrueTest4
[==========] Running 1 test from 1 test suite.
[----------] Global test environment set-up.
[----------] 1 test from EqualPaths
[ RUN      ] EqualPaths.TrueTest4
[       OK ] EqualPaths.TrueTest4 (11 ms)
[----------] 1 test from EqualPaths (17 ms total)

[----------] Global test environment tear-down
[==========] 1 test from 1 test suite ran. (45 ms total)
[  PASSED  ] 1 test.
==61420== 
==61420== HEAP SUMMARY:
==61420==     in use at exit: 0 bytes in 0 blocks
==61420==   total heap usage: 279 allocs, 279 frees, 122,170 bytes allocated
==61420== 
==61420== All heap blocks were freed -- no leaks are possible
==61420== 
==61420== For lists of detected and suppressed errors, rerun with: -s
==61420== ERROR SUMMARY: 0 errors from 0 contexts (suppressed: 0 from 0)
<end of output>
Test time =   1.14 sec
----------------------------------------------------------
Test Passed.
"EqualPaths.TrueTest4" end time: Apr 04 20:34 UTC
"EqualPaths.TrueTest4" time elapsed: 00:00:01
----------------------------------------------------------

10/66 Testing: EqualPaths.FalseTest1
10/66 Test: EqualPaths.FalseTest1
Command: "/usr/bin/valgrind" "--tool=memcheck" "--leak-check=yes" "--trace-children=no" "/work/hw-nemsisss/hw4/hw4_tests/equalpaths_tests/equalpaths_tests" "--gtest_filter=EqualPaths.FalseTest1"
Directory: /work/hw-nemsisss/hw4/hw4_tests/equalpaths_tests
"EqualPaths.FalseTest1" start time: Apr 04 20:34 UTC
Output:
----------------------------------------------------------
==61421== Memcheck, a memory error detector
==61421== Copyright (C) 2002-2017, and GNU GPL'd, by Julian Seward et al.
==61421== Using Valgrind-3.15.0 and LibVEX; rerun with -h for copyright info
==61421== Command: /work/hw-nemsisss/hw4/hw4_tests/equalpaths_tests/equalpaths_tests --gtest_filter=EqualPaths.FalseTest1
==61421== 
Running main() from /build/googletest-j5yxiC/googletest-1.10.0/googletest/src/gtest_main.cc
Note: Google Test filter = EqualPaths.FalseTest1
[==========] Running 1 test from 1 test suite.
[----------] Global test environment set-up.
[----------] 1 test from EqualPaths
[ RUN      ] EqualPaths.FalseTest1
[       OK ] EqualPaths.FalseTest1 (13 ms)
[----------] 1 test from EqualPaths (18 ms total)

[----------] Global test environment tear-down
[==========] 1 test from 1 test suite ran. (44 ms total)
[  PASSED  ] 1 test.
==61421== 
==61421== HEAP SUMMARY:
==61421==     in use at exit: 0 bytes in 0 blocks
==61421==   total heap usage: 279 allocs, 279 frees, 122,177 bytes allocated
==61421== 
==61421== All heap blocks were freed -- no leaks are possible
==61421== 
==61421== For lists of detected and suppressed errors, rerun with: -s
==61421== ERROR SUMMARY: 0 errors from 0 contexts (suppressed: 0 from 0)
<end of output>
Test time =   1.03 sec
----------------------------------------------------------
Test Passed.
"EqualPaths.FalseTest1" end time: Apr 04 20:34 UTC
"EqualPaths.FalseTest1" time elapsed: 00:00:01
----------------------------------------------------------

11/66 Testing: EqualPaths.FalseTest2
11/66 Test: EqualPaths.FalseTest2
Command: "/usr/bin/valgrind" "--tool=memcheck" "--leak-check=yes" "--trace-children=no" "/work/hw-nemsisss/hw4/hw4_tests/equalpaths_tests/equalpaths_tests" "--gtest_filter=EqualPaths.FalseTest2"
Directory: /work/hw-nemsisss/hw4/hw4_tests/equalpaths_tests
"EqualPaths.FalseTest2" start time: Apr 04 20:34 UTC
Output:
----------------------------------------------------------
==61422== Memcheck, a memory error detector
==61422== Copyright (C) 2002-2017, and GNU GPL'd, by Julian Seward et al.
==61422== Using Valgrind-3.15.0 and LibVEX; rerun with -h for copyright info
==61422== Command: /work/hw-nemsisss/hw4/hw4_tests/equalpaths_tests/equalpaths_tests --gtest_filter=EqualPaths.FalseTest2
==61422== 
Running main() from /build/googletest-j5yxiC/googletest-1.10.0/googletest/src/gtest_main.cc
Note: Google Test filter = EqualPaths.FalseTest2
[==========] Running 1 test from 1 test suite.
[----------] Global test environment set-up.
[----------] 1 test from EqualPaths
[ RUN      ] EqualPaths.FalseTest2
[       OK ] EqualPaths.FalseTest2 (9 ms)
[----------] 1 test from EqualPaths (16 ms total)

[----------] Global test environment tear-down
[==========] 1 test from 1 test suite ran. (39 ms total)
[  PASSED  ] 1 test.
==61422== 
==61422== HEAP SUMMARY:
==61422==     in use at exit: 0 bytes in 0 blocks
==61422==   total heap usage: 279 allocs, 279 frees, 122,177 bytes allocated
==61422== 
==61422== All heap blocks were freed -- no leaks are possible
==61422== 
==61422== For lists of detected and suppressed errors, rerun with: -s
==61422== ERROR SUMMARY: 0 errors from 0 contexts (suppressed: 0 from 0)
<end of output>
Test time =   1.09 sec
----------------------------------------------------------
Test Passed.
"EqualPaths.FalseTest2" end time: Apr 04 20:34 UTC
"EqualPaths.FalseTest2" time elapsed: 00:00:01
----------------------------------------------------------

12/66 Testing: EqualPaths.FalseTest3
12/66 Test: EqualPaths.FalseTest3
Command: "/usr/bin/valgrind" "--tool=memcheck" "--leak-check=yes" "--trace-children=no" "/work/hw-nemsisss/hw4/hw4_tests/equalpaths_tests/equalpaths_tests" "--gtest_filter=EqualPaths.FalseTest3"
Directory: /work/hw-nemsisss/hw4/hw4_tests/equalpaths_tests
"EqualPaths.FalseTest3" start time: Apr 04 20:34 UTC
Output:
----------------------------------------------------------
==61423== Memcheck, a memory error detector
==61423== Copyright (C) 2002-2017, and GNU GPL'd, by Julian Seward et al.
==61423== Using Valgrind-3.15.0 and LibVEX; rerun with -h for copyright info
==61423== Command: /work/hw-nemsisss/hw4/hw4_tests/equalpaths_tests/equalpaths_tests --gtest_filter=EqualPaths.FalseTest3
==61423== 
Running main() from /build/googletest-j5yxiC/googletest-1.10.0/googletest/src/gtest_main.cc
Note: Google Test filter = EqualPaths.FalseTest3
[==========] Running 1 test from 1 test suite.
[----------] Global test environment set-up.
[----------] 1 test from EqualPaths
[ RUN      ] EqualPaths.FalseTest3
[       OK ] EqualPaths.FalseTest3 (12 ms)
[----------] 1 test from EqualPaths (18 ms total)

[----------] Global test environment tear-down
[==========] 1 test from 1 test suite ran. (42 ms total)
[  PASSED  ] 1 test.
==61423== 
==61423== HEAP SUMMARY:
==61423==     in use at exit: 0 bytes in 0 blocks
==61423==   total heap usage: 279 allocs, 279 frees, 122,177 bytes allocated
==61423== 
==61423== All heap blocks were freed -- no leaks are possible
==61423== 
==61423== For lists of detected and suppressed errors, rerun with: -s
==61423== ERROR SUMMARY: 0 errors from 0 contexts (suppressed: 0 from 0)
<end of output>
Test time =   1.03 sec
----------------------------------------------------------
Test Passed.
"EqualPaths.FalseTest3" end time: Apr 04 20:34 UTC
"EqualPaths.FalseTest3" time elapsed: 00:00:01
----------------------------------------------------------

13/66 Testing: BST.ConstructionDestruction
13/66 Test: BST.ConstructionDestruction
Command: "/usr/bin/valgrind" "--tool=memcheck" "--leak-check=yes" "--trace-children=no" "/work/hw-nemsisss/hw4/hw4_tests/bst_tests/bst_tests" "--gtest_filter=BST.ConstructionDestruction"
Directory: /work/hw-nemsisss/hw4/hw4_tests/bst_tests
"BST.ConstructionDestruction" start time: Apr 04 20:34 UTC
Output:
----------------------------------------------------------
==61424== Memcheck, a memory error detector
==61424== Copyright (C) 2002-2017, and GNU GPL'd, by Julian Seward et al.
==61424== Using Valgrind-3.15.0 and LibVEX; rerun with -h for copyright info
==61424== Command: /work/hw-nemsisss/hw4/hw4_tests/bst_tests/bst_tests --gtest_filter=BST.ConstructionDestruction
==61424== 
Running main() from /build/googletest-j5yxiC/googletest-1.10.0/googletest/src/gtest_main.cc
Note: Google Test filter = BST.ConstructionDestruction
[==========] Running 1 test from 1 test suite.
[----------] Global test environment set-up.
[----------] 1 test from BST
[ RUN      ] BST.ConstructionDestruction
[       OK ] BST.ConstructionDestruction (13 ms)
[----------] 1 test from BST (21 ms total)

[----------] Global test environment tear-down
[==========] 1 test from 1 test suite ran. (43 ms total)
[  PASSED  ] 1 test.
==61424== 
==61424== HEAP SUMMARY:
==61424==     in use at exit: 0 bytes in 0 blocks
==61424==   total heap usage: 504 allocs, 504 frees, 135,338 bytes allocated
==61424== 
==61424== All heap blocks were freed -- no leaks are possible
==61424== 
==61424== For lists of detected and suppressed errors, rerun with: -s
==61424== ERROR SUMMARY: 0 errors from 0 contexts (suppressed: 0 from 0)
<end of output>
Test time =   1.46 sec
----------------------------------------------------------
Test Passed.
"BST.ConstructionDestruction" end time: Apr 04 20:34 UTC
"BST.ConstructionDestruction" time elapsed: 00:00:01
----------------------------------------------------------

14/66 Testing: BSTInsert.JustRoot
14/66 Test: BSTInsert.JustRoot
Command: "/usr/bin/valgrind" "--tool=memcheck" "--leak-check=yes" "--trace-children=no" "/work/hw-nemsisss/hw4/hw4_tests/bst_tests/bst_tests" "--gtest_filter=BSTInsert.JustRoot"
Directory: /work/hw-nemsisss/hw4/hw4_tests/bst_tests
"BSTInsert.JustRoot" start time: Apr 04 20:34 UTC
Output:
----------------------------------------------------------
==61425== Memcheck, a memory error detector
==61425== Copyright (C) 2002-2017, and GNU GPL'd, by Julian Seward et al.
==61425== Using Valgrind-3.15.0 and LibVEX; rerun with -h for copyright info
==61425== Command: /work/hw-nemsisss/hw4/hw4_tests/bst_tests/bst_tests --gtest_filter=BSTInsert.JustRoot
==61425== 
Running main() from /build/googletest-j5yxiC/googletest-1.10.0/googletest/src/gtest_main.cc
Note: Google Test filter = BSTInsert.JustRoot
[==========] Running 1 test from 1 test suite.
[----------] Global test environment set-up.
[----------] 1 test from BSTInsert
[ RUN      ] BSTInsert.JustRoot
[       OK ] BSTInsert.JustRoot (36 ms)
[----------] 1 test from BSTInsert (43 ms total)

[----------] Global test environment tear-down
[==========] 1 test from 1 test suite ran. (66 ms total)
[  PASSED  ] 1 test.
==61425== 
==61425== HEAP SUMMARY:
==61425==     in use at exit: 0 bytes in 0 blocks
==61425==   total heap usage: 506 allocs, 506 frees, 135,435 bytes allocated
==61425== 
==61425== All heap blocks were freed -- no leaks are possible
==61425== 
==61425== For lists of detected and suppressed errors, rerun with: -s
==61425== ERROR SUMMARY: 0 errors from 0 contexts (suppressed: 0 from 0)
<end of output>
Test time =   1.11 sec
----------------------------------------------------------
Test Passed.
"BSTInsert.JustRoot" end time: Apr 04 20:34 UTC
"BSTInsert.JustRoot" time elapsed: 00:00:01
----------------------------------------------------------

15/66 Testing: BSTInsert.DoubleInsertLeft
15/66 Test: BSTInsert.DoubleInsertLeft
Command: "/usr/bin/valgrind" "--tool=memcheck" "--leak-check=yes" "--trace-children=no" "/work/hw-nemsisss/hw4/hw4_tests/bst_tests/bst_tests" "--gtest_filter=BSTInsert.DoubleInsertLeft"
Directory: /work/hw-nemsisss/hw4/hw4_tests/bst_tests
"BSTInsert.DoubleInsertLeft" start time: Apr 04 20:34 UTC
Output:
----------------------------------------------------------
==61426== Memcheck, a memory error detector
==61426== Copyright (C) 2002-2017, and GNU GPL'd, by Julian Seward et al.
==61426== Using Valgrind-3.15.0 and LibVEX; rerun with -h for copyright info
==61426== Command: /work/hw-nemsisss/hw4/hw4_tests/bst_tests/bst_tests --gtest_filter=BSTInsert.DoubleInsertLeft
==61426== 
Running main() from /build/googletest-j5yxiC/googletest-1.10.0/googletest/src/gtest_main.cc
Note: Google Test filter = BSTInsert.DoubleInsertLeft
[==========] Running 1 test from 1 test suite.
[----------] Global test environment set-up.
[----------] 1 test from BSTInsert
[ RUN      ] BSTInsert.DoubleInsertLeft
[       OK ] BSTInsert.DoubleInsertLeft (46 ms)
[----------] 1 test from BSTInsert (53 ms total)

[----------] Global test environment tear-down
[==========] 1 test from 1 test suite ran. (82 ms total)
[  PASSED  ] 1 test.
==61426== 
==61426== HEAP SUMMARY:
==61426==     in use at exit: 0 bytes in 0 blocks
==61426==   total heap usage: 508 allocs, 508 frees, 135,491 bytes allocated
==61426== 
==61426== All heap blocks were freed -- no leaks are possible
==61426== 
==61426== For lists of detected and suppressed errors, rerun with: -s
==61426== ERROR SUMMARY: 0 errors from 0 contexts (suppressed: 0 from 0)
<end of output>
Test time =   1.20 sec
----------------------------------------------------------
Test Passed.
"BSTInsert.DoubleInsertLeft" end time: Apr 04 20:34 UTC
"BSTInsert.DoubleInsertLeft" time elapsed: 00:00:01
----------------------------------------------------------

16/66 Testing: BSTInsert.DoubleInsertRight
16/66 Test: BSTInsert.DoubleInsertRight
Command: "/usr/bin/valgrind" "--tool=memcheck" "--leak-check=yes" "--trace-children=no" "/work/hw-nemsisss/hw4/hw4_tests/bst_tests/bst_tests" "--gtest_filter=BSTInsert.DoubleInsertRight"
Directory: /work/hw-nemsisss/hw4/hw4_tests/bst_tests
"BSTInsert.DoubleInsertRight" start time: Apr 04 20:34 UTC
Output:
----------------------------------------------------------
==61427== Memcheck, a memory error detector
==61427== Copyright (C) 2002-2017, and GNU GPL'd, by Julian Seward et al.
==61427== Using Valgrind-3.15.0 and LibVEX; rerun with -h for copyright info
==61427== Command: /work/hw-nemsisss/hw4/hw4_tests/bst_tests/bst_tests --gtest_filter=BSTInsert.DoubleInsertRight
==61427== 
Running main() from /build/googletest-j5yxiC/googletest-1.10.0/googletest/src/gtest_main.cc
Note: Google Test filter = BSTInsert.DoubleInsertRight
[==========] Running 1 test from 1 test suite.
[----------] Global test environment set-up.
[----------] 1 test from BSTInsert
[ RUN      ] BSTInsert.DoubleInsertRight
[       OK ] BSTInsert.DoubleInsertRight (41 ms)
[----------] 1 test from BSTInsert (47 ms total)

[----------] Global test environment tear-down
[==========] 1 test from 1 test suite ran. (71 ms total)
[  PASSED  ] 1 test.
==61427== 
==61427== HEAP SUMMARY:
==61427==     in use at exit: 0 bytes in 0 blocks
==61427==   total heap usage: 508 allocs, 508 frees, 135,498 bytes allocated
==61427== 
==61427== All heap blocks were freed -- no leaks are possible
==61427== 
==61427== For lists of detected and suppressed errors, rerun with: -s
==61427== ERROR SUMMARY: 0 errors from 0 contexts (suppressed: 0 from 0)
<end of output>
Test time =   1.12 sec
----------------------------------------------------------
Test Passed.
"BSTInsert.DoubleInsertRight" end time: Apr 04 20:34 UTC
"BSTInsert.DoubleInsertRight" time elapsed: 00:00:01
----------------------------------------------------------

17/66 Testing: BSTInsert.InsertZigZigLeft
17/66 Test: BSTInsert.InsertZigZigLeft
Command: "/usr/bin/valgrind" "--tool=memcheck" "--leak-check=yes" "--trace-children=no" "/work/hw-nemsisss/hw4/hw4_tests/bst_tests/bst_tests" "--gtest_filter=BSTInsert.InsertZigZigLeft"
Directory: /work/hw-nemsisss/hw4/hw4_tests/bst_tests
"BSTInsert.InsertZigZigLeft" start time: Apr 04 20:34 UTC
Output:
----------------------------------------------------------
==61428== Memcheck, a memory error detector
==61428== Copyright (C) 2002-2017, and GNU GPL'd, by Julian Seward et al.
==61428== Using Valgrind-3.15.0 and LibVEX; rerun with -h for copyright info
==61428== Command: /work/hw-nemsisss/hw4/hw4_tests/bst_tests/bst_tests --gtest_filter=BSTInsert.InsertZigZigLeft
==61428== 
Running main() from /build/googletest-j5yxiC/googletest-1.10.0/googletest/src/gtest_main.cc
Note: Google Test filter = BSTInsert.InsertZigZigLeft
[==========] Running 1 test from 1 test suite.
[----------] Global test environment set-up.
[----------] 1 test from BSTInsert
[ RUN      ] BSTInsert.InsertZigZigLeft
[       OK ] BSTInsert.InsertZigZigLeft (35 ms)
[----------] 1 test from BSTInsert (42 ms total)

[----------] Global test environment tear-down
[==========] 1 test from 1 test suite ran. (65 ms total)
[  PASSED  ] 1 test.
==61428== 
==61428== HEAP SUMMARY:
==61428==     in use at exit: 0 bytes in 0 blocks
==61428==   total heap usage: 510 allocs, 510 frees, 135,571 bytes allocated
==61428== 
==61428== All heap blocks were freed -- no leaks are possible
==61428== 
==61428== For lists of detected and suppressed errors, rerun with: -s
==61428== ERROR SUMMARY: 0 errors from 0 contexts (suppressed: 0 from 0)
<end of output>
Test time =   1.10 sec
----------------------------------------------------------
Test Passed.
"BSTInsert.InsertZigZigLeft" end time: Apr 04 20:34 UTC
"BSTInsert.InsertZigZigLeft" time elapsed: 00:00:01
----------------------------------------------------------

18/66 Testing: BSTInsert.InsertZigZigRight
18/66 Test: BSTInsert.InsertZigZigRight
Command: "/usr/bin/valgrind" "--tool=memcheck" "--leak-check=yes" "--trace-children=no" "/work/hw-nemsisss/hw4/hw4_tests/bst_tests/bst_tests" "--gtest_filter=BSTInsert.InsertZigZigRight"
Directory: /work/hw-nemsisss/hw4/hw4_tests/bst_tests
"BSTInsert.InsertZigZigRight" start time: Apr 04 20:34 UTC
Output:
----------------------------------------------------------
==61429== Memcheck, a memory error detector
==61429== Copyright (C) 2002-2017, and GNU GPL'd, by Julian Seward et al.
==61429== Using Valgrind-3.15.0 and LibVEX; rerun with -h for copyright info
==61429== Command: /work/hw-nemsisss/hw4/hw4_tests/bst_tests/bst_tests --gtest_filter=BSTInsert.InsertZigZigRight
==61429== 
Running main() from /build/googletest-j5yxiC/googletest-1.10.0/googletest/src/gtest_main.cc
Note: Google Test filter = BSTInsert.InsertZigZigRight
[==========] Running 1 test from 1 test suite.
[----------] Global test environment set-up.
[----------] 1 test from BSTInsert
[ RUN      ] BSTInsert.InsertZigZigRight
[       OK ] BSTInsert.InsertZigZigRight (34 ms)
[----------] 1 test from BSTInsert (40 ms total)

[----------] Global test environment tear-down
[==========] 1 test from 1 test suite ran. (64 ms total)
[  PASSED  ] 1 test.
==61429== 
==61429== HEAP SUMMARY:
==61429==     in use at exit: 0 bytes in 0 blocks
==61429==   total heap usage: 510 allocs, 510 frees, 135,578 bytes allocated
==61429== 
==61429== All heap blocks were freed -- no leaks are possible
==61429== 
==61429== For lists of detected and suppressed errors, rerun with: -s
==61429== ERROR SUMMARY: 0 errors from 0 contexts (suppressed: 0 from 0)
<end of output>
Test time =   1.16 sec
----------------------------------------------------------
Test Passed.
"BSTInsert.InsertZigZigRight" end time: Apr 04 20:34 UTC
"BSTInsert.InsertZigZigRight" time elapsed: 00:00:01
----------------------------------------------------------

19/66 Testing: BSTInsert.InsertZigZagLeft
19/66 Test: BSTInsert.InsertZigZagLeft
Command: "/usr/bin/valgrind" "--tool=memcheck" "--leak-check=yes" "--trace-children=no" "/work/hw-nemsisss/hw4/hw4_tests/bst_tests/bst_tests" "--gtest_filter=BSTInsert.InsertZigZagLeft"
Directory: /work/hw-nemsisss/hw4/hw4_tests/bst_tests
"BSTInsert.InsertZigZagLeft" start time: Apr 04 20:34 UTC
Output:
----------------------------------------------------------
==61430== Memcheck, a memory error detector
==61430== Copyright (C) 2002-2017, and GNU GPL'd, by Julian Seward et al.
==61430== Using Valgrind-3.15.0 and LibVEX; rerun with -h for copyright info
==61430== Command: /work/hw-nemsisss/hw4/hw4_tests/bst_tests/bst_tests --gtest_filter=BSTInsert.InsertZigZagLeft
==61430== 
Running main() from /build/googletest-j5yxiC/googletest-1.10.0/googletest/src/gtest_main.cc
Note: Google Test filter = BSTInsert.InsertZigZagLeft
[==========] Running 1 test from 1 test suite.
[----------] Global test environment set-up.
[----------] 1 test from BSTInsert
[ RUN      ] BSTInsert.InsertZigZagLeft
[       OK ] BSTInsert.InsertZigZagLeft (47 ms)
[----------] 1 test from BSTInsert (54 ms total)

[----------] Global test environment tear-down
[==========] 1 test from 1 test suite ran. (78 ms total)
[  PASSED  ] 1 test.
==61430== 
==61430== HEAP SUMMARY:
==61430==     in use at exit: 0 bytes in 0 blocks
==61430==   total heap usage: 510 allocs, 510 frees, 135,571 bytes allocated
==61430== 
==61430== All heap blocks were freed -- no leaks are possible
==61430== 
==61430== For lists of detected and suppressed errors, rerun with: -s
==61430== ERROR SUMMARY: 0 errors from 0 contexts (suppressed: 0 from 0)
<end of output>
Test time =   1.16 sec
----------------------------------------------------------
Test Passed.
"BSTInsert.InsertZigZagLeft" end time: Apr 04 20:34 UTC
"BSTInsert.InsertZigZagLeft" time elapsed: 00:00:01
----------------------------------------------------------

20/66 Testing: BSTInsert.InsertZigZagRight
20/66 Test: BSTInsert.InsertZigZagRight
Command: "/usr/bin/valgrind" "--tool=memcheck" "--leak-check=yes" "--trace-children=no" "/work/hw-nemsisss/hw4/hw4_tests/bst_tests/bst_tests" "--gtest_filter=BSTInsert.InsertZigZagRight"
Directory: /work/hw-nemsisss/hw4/hw4_tests/bst_tests
"BSTInsert.InsertZigZagRight" start time: Apr 04 20:34 UTC
Output:
----------------------------------------------------------
==61431== Memcheck, a memory error detector
==61431== Copyright (C) 2002-2017, and GNU GPL'd, by Julian Seward et al.
==61431== Using Valgrind-3.15.0 and LibVEX; rerun with -h for copyright info
==61431== Command: /work/hw-nemsisss/hw4/hw4_tests/bst_tests/bst_tests --gtest_filter=BSTInsert.InsertZigZagRight
==61431== 
Running main() from /build/googletest-j5yxiC/googletest-1.10.0/googletest/src/gtest_main.cc
Note: Google Test filter = BSTInsert.InsertZigZagRight
[==========] Running 1 test from 1 test suite.
[----------] Global test environment set-up.
[----------] 1 test from BSTInsert
[ RUN      ] BSTInsert.InsertZigZagRight
[       OK ] BSTInsert.InsertZigZagRight (43 ms)
[----------] 1 test from BSTInsert (49 ms total)

[----------] Global test environment tear-down
[==========] 1 test from 1 test suite ran. (72 ms total)
[  PASSED  ] 1 test.
==61431== 
==61431== HEAP SUMMARY:
==61431==     in use at exit: 0 bytes in 0 blocks
==61431==   total heap usage: 510 allocs, 510 frees, 135,578 bytes allocated
==61431== 
==61431== All heap blocks were freed -- no leaks are possible
==61431== 
==61431== For lists of detected and suppressed errors, rerun with: -s
==61431== ERROR SUMMARY: 0 errors from 0 contexts (suppressed: 0 from 0)
<end of output>
Test time =   1.12 sec
----------------------------------------------------------
Test Passed.
"BSTInsert.InsertZigZagRight" end time: Apr 04 20:34 UTC
"BSTInsert.InsertZigZagRight" time elapsed: 00:00:01
----------------------------------------------------------

21/66 Testing: BSTInsert.7Elements
21/66 Test: BSTInsert.7Elements
Command: "/usr/bin/valgrind" "--tool=memcheck" "--leak-check=yes" "--trace-children=no" "/work/hw-nemsisss/hw4/hw4_tests/bst_tests/bst_tests" "--gtest_filter=BSTInsert.7Elements"
Directory: /work/hw-nemsisss/hw4/hw4_tests/bst_tests
"BSTInsert.7Elements" start time: Apr 04 20:34 UTC
Output:
----------------------------------------------------------
==61432== Memcheck, a memory error detector
==61432== Copyright (C) 2002-2017, and GNU GPL'd, by Julian Seward et al.
==61432== Using Valgrind-3.15.0 and LibVEX; rerun with -h for copyright info
==61432== Command: /work/hw-nemsisss/hw4/hw4_tests/bst_tests/bst_tests --gtest_filter=BSTInsert.7Elements
==61432== 
Running main() from /build/googletest-j5yxiC/googletest-1.10.0/googletest/src/gtest_main.cc
Note: Google Test filter = BSTInsert.7Elements
[==========] Running 1 test from 1 test suite.
[----------] Global test environment set-up.
[----------] 1 test from BSTInsert
[ RUN      ] BSTInsert.7Elements
[       OK ] BSTInsert.7Elements (42 ms)
[----------] 1 test from BSTInsert (49 ms total)

[----------] Global test environment tear-down
[==========] 1 test from 1 test suite ran. (72 ms total)
[  PASSED  ] 1 test.
==61432== 
==61432== HEAP SUMMARY:
==61432==     in use at exit: 0 bytes in 0 blocks
==61432==   total heap usage: 518 allocs, 518 frees, 135,842 bytes allocated
==61432== 
==61432== All heap blocks were freed -- no leaks are possible
==61432== 
==61432== For lists of detected and suppressed errors, rerun with: -s
==61432== ERROR SUMMARY: 0 errors from 0 contexts (suppressed: 0 from 0)
<end of output>
Test time =   1.08 sec
----------------------------------------------------------
Test Passed.
"BSTInsert.7Elements" end time: Apr 04 20:34 UTC
"BSTInsert.7Elements" time elapsed: 00:00:01
----------------------------------------------------------

22/66 Testing: BSTClear.Clear
22/66 Test: BSTClear.Clear
Command: "/usr/bin/valgrind" "--tool=memcheck" "--leak-check=yes" "--trace-children=no" "/work/hw-nemsisss/hw4/hw4_tests/bst_tests/bst_tests" "--gtest_filter=BSTClear.Clear"
Directory: /work/hw-nemsisss/hw4/hw4_tests/bst_tests
"BSTClear.Clear" start time: Apr 04 20:34 UTC
Output:
----------------------------------------------------------
==61433== Memcheck, a memory error detector
==61433== Copyright (C) 2002-2017, and GNU GPL'd, by Julian Seward et al.
==61433== Using Valgrind-3.15.0 and LibVEX; rerun with -h for copyright info
==61433== Command: /work/hw-nemsisss/hw4/hw4_tests/bst_tests/bst_tests --gtest_filter=BSTClear.Clear
==61433== 
Running main() from /build/googletest-j5yxiC/googletest-1.10.0/googletest/src/gtest_main.cc
Note: Google Test filter = BSTClear.Clear
[==========] Running 1 test from 1 test suite.
[----------] Global test environment set-up.
[----------] 1 test from BSTClear
[ RUN      ] BSTClear.Clear
[       OK ] BSTClear.Clear (19 ms)
[----------] 1 test from BSTClear (26 ms total)

[----------] Global test environment tear-down
[==========] 1 test from 1 test suite ran. (49 ms total)
[  PASSED  ] 1 test.
==61433== 
==61433== HEAP SUMMARY:
==61433==     in use at exit: 0 bytes in 0 blocks
==61433==   total heap usage: 473 allocs, 473 frees, 134,306 bytes allocated
==61433== 
==61433== All heap blocks were freed -- no leaks are possible
==61433== 
==61433== For lists of detected and suppressed errors, rerun with: -s
==61433== ERROR SUMMARY: 0 errors from 0 contexts (suppressed: 0 from 0)
<end of output>
Test time =   1.06 sec
----------------------------------------------------------
Test Passed.
"BSTClear.Clear" end time: Apr 04 20:34 UTC
"BSTClear.Clear" time elapsed: 00:00:01
----------------------------------------------------------

23/66 Testing: BSTFind.InvalidFind
23/66 Test: BSTFind.InvalidFind
Command: "/usr/bin/valgrind" "--tool=memcheck" "--leak-check=yes" "--trace-children=no" "/work/hw-nemsisss/hw4/hw4_tests/bst_tests/bst_tests" "--gtest_filter=BSTFind.InvalidFind"
Directory: /work/hw-nemsisss/hw4/hw4_tests/bst_tests
"BSTFind.InvalidFind" start time: Apr 04 20:34 UTC
Output:
----------------------------------------------------------
==61434== Memcheck, a memory error detector
==61434== Copyright (C) 2002-2017, and GNU GPL'd, by Julian Seward et al.
==61434== Using Valgrind-3.15.0 and LibVEX; rerun with -h for copyright info
==61434== Command: /work/hw-nemsisss/hw4/hw4_tests/bst_tests/bst_tests --gtest_filter=BSTFind.InvalidFind
==61434== 
Running main() from /build/googletest-j5yxiC/googletest-1.10.0/googletest/src/gtest_main.cc
Note: Google Test filter = BSTFind.InvalidFind
[==========] Running 1 test from 1 test suite.
[----------] Global test environment set-up.
[----------] 1 test from BSTFind
[ RUN      ] BSTFind.InvalidFind
[       OK ] BSTFind.InvalidFind (14 ms)
[----------] 1 test from BSTFind (21 ms total)

[----------] Global test environment tear-down
[==========] 1 test from 1 test suite ran. (43 ms total)
[  PASSED  ] 1 test.
==61434== 
==61434== HEAP SUMMARY:
==61434==     in use at exit: 0 bytes in 0 blocks
==61434==   total heap usage: 506 allocs, 506 frees, 135,362 bytes allocated
==61434== 
==61434== All heap blocks were freed -- no leaks are possible
==61434== 
==61434== For lists of detected and suppressed errors, rerun with: -s
==61434== ERROR SUMMARY: 0 errors from 0 contexts (suppressed: 0 from 0)
<end of output>
Test time =   1.12 sec
----------------------------------------------------------
Test Passed.
"BSTFind.InvalidFind" end time: Apr 04 20:34 UTC
"BSTFind.InvalidFind" time elapsed: 00:00:01
----------------------------------------------------------

24/66 Testing: BSTInsert.Duplicates
24/66 Test: BSTInsert.Duplicates
Command: "/usr/bin/valgrind" "--tool=memcheck" "--leak-check=yes" "--trace-children=no" "/work/hw-nemsisss/hw4/hw4_tests/bst_tests/bst_tests" "--gtest_filter=BSTInsert.Duplicates"
Directory: /work/hw-nemsisss/hw4/hw4_tests/bst_tests
"BSTInsert.Duplicates" start time: Apr 04 20:34 UTC
Output:
----------------------------------------------------------
==61435== Memcheck, a memory error detector
==61435== Copyright (C) 2002-2017, and GNU GPL'd, by Julian Seward et al.
==61435== Using Valgrind-3.15.0 and LibVEX; rerun with -h for copyright info
==61435== Command: /work/hw-nemsisss/hw4/hw4_tests/bst_tests/bst_tests --gtest_filter=BSTInsert.Duplicates
==61435== 
Running main() from /build/googletest-j5yxiC/googletest-1.10.0/googletest/src/gtest_main.cc
Note: Google Test filter = BSTInsert.Duplicates
[==========] Running 1 test from 1 test suite.
[----------] Global test environment set-up.
[----------] 1 test from BSTInsert
[ RUN      ] BSTInsert.Duplicates
[       OK ] BSTInsert.Duplicates (40 ms)
[----------] 1 test from BSTInsert (47 ms total)

[----------] Global test environment tear-down
[==========] 1 test from 1 test suite ran. (69 ms total)
[  PASSED  ] 1 test.
==61435== 
==61435== HEAP SUMMARY:
==61435==     in use at exit: 0 bytes in 0 blocks
==61435==   total heap usage: 512 allocs, 512 frees, 135,609 bytes allocated
==61435== 
==61435== All heap blocks were freed -- no leaks are possible
==61435== 
==61435== For lists of detected and suppressed errors, rerun with: -s
==61435== ERROR SUMMARY: 0 errors from 0 contexts (suppressed: 0 from 0)
<end of output>
Test time =   1.10 sec
----------------------------------------------------------
Test Passed.
"BSTInsert.Duplicates" end time: Apr 04 20:35 UTC
"BSTInsert.Duplicates" time elapsed: 00:00:01
----------------------------------------------------------

25/66 Testing: BSTInsert.BasicRandom
25/66 Test: BSTInsert.BasicRandom
Command: "/usr/bin/valgrind" "--tool=memcheck" "--leak-check=yes" "--trace-children=no" "/work/hw-nemsisss/hw4/hw4_tests/bst_tests/bst_tests" "--gtest_filter=BSTInsert.BasicRandom"
Directory: /work/hw-nemsisss/hw4/hw4_tests/bst_tests
"BSTInsert.BasicRandom" start time: Apr 04 20:35 UTC
Output:
----------------------------------------------------------
==61436== Memcheck, a memory error detector
==61436== Copyright (C) 2002-2017, and GNU GPL'd, by Julian Seward et al.
==61436== Using Valgrind-3.15.0 and LibVEX; rerun with -h for copyright info
==61436== Command: /work/hw-nemsisss/hw4/hw4_tests/bst_tests/bst_tests --gtest_filter=BSTInsert.BasicRandom
==61436== 
Running main() from /build/googletest-j5yxiC/googletest-1.10.0/googletest/src/gtest_main.cc
Note: Google Test filter = BSTInsert.BasicRandom
[==========] Running 1 test from 1 test suite.
[----------] Global test environment set-up.
[----------] 1 test from BSTInsert
[ RUN      ] BSTInsert.BasicRandom
[       OK ] BSTInsert.BasicRandom (63 ms)
[----------] 1 test from BSTInsert (69 ms total)

[----------] Global test environment tear-down
[==========] 1 test from 1 test suite ran. (92 ms total)
[  PASSED  ] 1 test.
==61436== 
==61436== HEAP SUMMARY:
==61436==     in use at exit: 0 bytes in 0 blocks
==61436==   total heap usage: 525 allocs, 525 frees, 136,136 bytes allocated
==61436== 
==61436== All heap blocks were freed -- no leaks are possible
==61436== 
==61436== For lists of detected and suppressed errors, rerun with: -s
==61436== ERROR SUMMARY: 0 errors from 0 contexts (suppressed: 0 from 0)
<end of output>
Test time =   1.11 sec
----------------------------------------------------------
Test Passed.
"BSTInsert.BasicRandom" end time: Apr 04 20:35 UTC
"BSTInsert.BasicRandom" time elapsed: 00:00:01
----------------------------------------------------------

26/66 Testing: BSTInsert.Random50x30ele
26/66 Test: BSTInsert.Random50x30ele
Command: "/usr/bin/valgrind" "--tool=memcheck" "--leak-check=yes" "--trace-children=no" "/work/hw-nemsisss/hw4/hw4_tests/bst_tests/bst_tests" "--gtest_filter=BSTInsert.Random50x30ele"
Directory: /work/hw-nemsisss/hw4/hw4_tests/bst_tests
"BSTInsert.Random50x30ele" start time: Apr 04 20:35 UTC
Output:
----------------------------------------------------------
==61437== Memcheck, a memory error detector
==61437== Copyright (C) 2002-2017, and GNU GPL'd, by Julian Seward et al.
==61437== Using Valgrind-3.15.0 and LibVEX; rerun with -h for copyright info
==61437== Command: /work/hw-nemsisss/hw4/hw4_tests/bst_tests/bst_tests --gtest_filter=BSTInsert.Random50x30ele
==61437== 
Running main() from /build/googletest-j5yxiC/googletest-1.10.0/googletest/src/gtest_main.cc
Note: Google Test filter = BSTInsert.Random50x30ele
[==========] Running 1 test from 1 test suite.
[----------] Global test environment set-up.
[----------] 1 test from BSTInsert
[ RUN      ] BSTInsert.Random50x30ele
[       OK ] BSTInsert.Random50x30ele (307 ms)
[----------] 1 test from BSTInsert (313 ms total)

[----------] Global test environment tear-down
[==========] 1 test from 1 test suite ran. (337 ms total)
[  PASSED  ] 1 test.
==61437== 
==61437== HEAP SUMMARY:
==61437==     in use at exit: 0 bytes in 0 blocks
==61437==   total heap usage: 3,655 allocs, 3,655 frees, 265,717 bytes allocated
==61437== 
==61437== All heap blocks were freed -- no leaks are possible
==61437== 
==61437== For lists of detected and suppressed errors, rerun with: -s
==61437== ERROR SUMMARY: 0 errors from 0 contexts (suppressed: 0 from 0)
<end of output>
Test time =   1.36 sec
----------------------------------------------------------
Test Passed.
"BSTInsert.Random50x30ele" end time: Apr 04 20:35 UTC
"BSTInsert.Random50x30ele" time elapsed: 00:00:01
----------------------------------------------------------

27/66 Testing: BSTInsert.Random3x5000ele
27/66 Test: BSTInsert.Random3x5000ele
Command: "/usr/bin/valgrind" "--tool=memcheck" "--leak-check=yes" "--trace-children=no" "/work/hw-nemsisss/hw4/hw4_tests/bst_tests/bst_tests" "--gtest_filter=BSTInsert.Random3x5000ele"
Directory: /work/hw-nemsisss/hw4/hw4_tests/bst_tests
"BSTInsert.Random3x5000ele" start time: Apr 04 20:35 UTC
Output:
----------------------------------------------------------
==61438== Memcheck, a memory error detector
==61438== Copyright (C) 2002-2017, and GNU GPL'd, by Julian Seward et al.
==61438== Using Valgrind-3.15.0 and LibVEX; rerun with -h for copyright info
==61438== Command: /work/hw-nemsisss/hw4/hw4_tests/bst_tests/bst_tests --gtest_filter=BSTInsert.Random3x5000ele
==61438== 
Running main() from /build/googletest-j5yxiC/googletest-1.10.0/googletest/src/gtest_main.cc
Note: Google Test filter = BSTInsert.Random3x5000ele
[==========] Running 1 test from 1 test suite.
[----------] Global test environment set-up.
[----------] 1 test from BSTInsert
[ RUN      ] BSTInsert.Random3x5000ele
[       OK ] BSTInsert.Random3x5000ele (1638 ms)
[----------] 1 test from BSTInsert (1645 ms total)

[----------] Global test environment tear-down
[==========] 1 test from 1 test suite ran. (1668 ms total)
[  PASSED  ] 1 test.
==61438== 
==61438== HEAP SUMMARY:
==61438==     in use at exit: 0 bytes in 0 blocks
==61438==   total heap usage: 30,514 allocs, 30,514 frees, 1,395,588 bytes allocated
==61438== 
==61438== All heap blocks were freed -- no leaks are possible
==61438== 
==61438== For lists of detected and suppressed errors, rerun with: -s
==61438== ERROR SUMMARY: 0 errors from 0 contexts (suppressed: 0 from 0)
<end of output>
Test time =   2.78 sec
----------------------------------------------------------
Test Passed.
"BSTInsert.Random3x5000ele" end time: Apr 04 20:35 UTC
"BSTInsert.Random3x5000ele" time elapsed: 00:00:02
----------------------------------------------------------

28/66 Testing: BSTRemove.EmptyTree
28/66 Test: BSTRemove.EmptyTree
Command: "/usr/bin/valgrind" "--tool=memcheck" "--leak-check=yes" "--trace-children=no" "/work/hw-nemsisss/hw4/hw4_tests/bst_tests/bst_tests" "--gtest_filter=BSTRemove.EmptyTree"
Directory: /work/hw-nemsisss/hw4/hw4_tests/bst_tests
"BSTRemove.EmptyTree" start time: Apr 04 20:35 UTC
Output:
----------------------------------------------------------
==61439== Memcheck, a memory error detector
==61439== Copyright (C) 2002-2017, and GNU GPL'd, by Julian Seward et al.
==61439== Using Valgrind-3.15.0 and LibVEX; rerun with -h for copyright info
==61439== Command: /work/hw-nemsisss/hw4/hw4_tests/bst_tests/bst_tests --gtest_filter=BSTRemove.EmptyTree
==61439== 
Running main() from /build/googletest-j5yxiC/googletest-1.10.0/googletest/src/gtest_main.cc
Note: Google Test filter = BSTRemove.EmptyTree
[==========] Running 1 test from 1 test suite.
[----------] Global test environment set-up.
[----------] 1 test from BSTRemove
[ RUN      ] BSTRemove.EmptyTree
[       OK ] BSTRemove.EmptyTree (17 ms)
[----------] 1 test from BSTRemove (24 ms total)

[----------] Global test environment tear-down
[==========] 1 test from 1 test suite ran. (47 ms total)
[  PASSED  ] 1 test.
==61439== 
==61439== HEAP SUMMARY:
==61439==     in use at exit: 0 bytes in 0 blocks
==61439==   total heap usage: 505 allocs, 505 frees, 135,317 bytes allocated
==61439== 
==61439== All heap blocks were freed -- no leaks are possible
==61439== 
==61439== For lists of detected and suppressed errors, rerun with: -s
==61439== ERROR SUMMARY: 0 errors from 0 contexts (suppressed: 0 from 0)
<end of output>
Test time =   1.09 sec
----------------------------------------------------------
Test Passed.
"BSTRemove.EmptyTree" end time: Apr 04 20:35 UTC
"BSTRemove.EmptyTree" time elapsed: 00:00:01
----------------------------------------------------------

29/66 Testing: BSTRemove.NodeMismatch
29/66 Test: BSTRemove.NodeMismatch
Command: "/usr/bin/valgrind" "--tool=memcheck" "--leak-check=yes" "--trace-children=no" "/work/hw-nemsisss/hw4/hw4_tests/bst_tests/bst_tests" "--gtest_filter=BSTRemove.NodeMismatch"
Directory: /work/hw-nemsisss/hw4/hw4_tests/bst_tests
"BSTRemove.NodeMismatch" start time: Apr 04 20:35 UTC
Output:
----------------------------------------------------------
==61440== Memcheck, a memory error detector
==61440== Copyright (C) 2002-2017, and GNU GPL'd, by Julian Seward et al.
==61440== Using Valgrind-3.15.0 and LibVEX; rerun with -h for copyright info
==61440== Command: /work/hw-nemsisss/hw4/hw4_tests/bst_tests/bst_tests --gtest_filter=BSTRemove.NodeMismatch
==61440== 
Running main() from /build/googletest-j5yxiC/googletest-1.10.0/googletest/src/gtest_main.cc
Note: Google Test filter = BSTRemove.NodeMismatch
[==========] Running 1 test from 1 test suite.
[----------] Global test environment set-up.
[----------] 1 test from BSTRemove
[ RUN      ] BSTRemove.NodeMismatch
[       OK ] BSTRemove.NodeMismatch (42 ms)
[----------] 1 test from BSTRemove (49 ms total)

[----------] Global test environment tear-down
[==========] 1 test from 1 test suite ran. (74 ms total)
[  PASSED  ] 1 test.
==61440== 
==61440== HEAP SUMMARY:
==61440==     in use at exit: 0 bytes in 0 blocks
==61440==   total heap usage: 509 allocs, 509 frees, 135,658 bytes allocated
==61440== 
==61440== All heap blocks were freed -- no leaks are possible
==61440== 
==61440== For lists of detected and suppressed errors, rerun with: -s
==61440== ERROR SUMMARY: 0 errors from 0 contexts (suppressed: 0 from 0)
<end of output>
Test time =   1.12 sec
----------------------------------------------------------
Test Passed.
"BSTRemove.NodeMismatch" end time: Apr 04 20:35 UTC
"BSTRemove.NodeMismatch" time elapsed: 00:00:01
----------------------------------------------------------

30/66 Testing: BSTRemove.SingleRemove
30/66 Test: BSTRemove.SingleRemove
Command: "/usr/bin/valgrind" "--tool=memcheck" "--leak-check=yes" "--trace-children=no" "/work/hw-nemsisss/hw4/hw4_tests/bst_tests/bst_tests" "--gtest_filter=BSTRemove.SingleRemove"
Directory: /work/hw-nemsisss/hw4/hw4_tests/bst_tests
"BSTRemove.SingleRemove" start time: Apr 04 20:35 UTC
Output:
----------------------------------------------------------
==61441== Memcheck, a memory error detector
==61441== Copyright (C) 2002-2017, and GNU GPL'd, by Julian Seward et al.
==61441== Using Valgrind-3.15.0 and LibVEX; rerun with -h for copyright info
==61441== Command: /work/hw-nemsisss/hw4/hw4_tests/bst_tests/bst_tests --gtest_filter=BSTRemove.SingleRemove
==61441== 
Running main() from /build/googletest-j5yxiC/googletest-1.10.0/googletest/src/gtest_main.cc
Note: Google Test filter = BSTRemove.SingleRemove
[==========] Running 1 test from 1 test suite.
[----------] Global test environment set-up.
[----------] 1 test from BSTRemove
[ RUN      ] BSTRemove.SingleRemove
[       OK ] BSTRemove.SingleRemove (17 ms)
[----------] 1 test from BSTRemove (24 ms total)

[----------] Global test environment tear-down
[==========] 1 test from 1 test suite ran. (52 ms total)
[  PASSED  ] 1 test.
==61441== 
==61441== HEAP SUMMARY:
==61441==     in use at exit: 0 bytes in 0 blocks
==61441==   total heap usage: 505 allocs, 505 frees, 135,351 bytes allocated
==61441== 
==61441== All heap blocks were freed -- no leaks are possible
==61441== 
==61441== For lists of detected and suppressed errors, rerun with: -s
==61441== ERROR SUMMARY: 0 errors from 0 contexts (suppressed: 0 from 0)
<end of output>
Test time =   1.31 sec
----------------------------------------------------------
Test Passed.
"BSTRemove.SingleRemove" end time: Apr 04 20:35 UTC
"BSTRemove.SingleRemove" time elapsed: 00:00:01
----------------------------------------------------------

31/66 Testing: BSTRemove.RightChildRemove
31/66 Test: BSTRemove.RightChildRemove
Command: "/usr/bin/valgrind" "--tool=memcheck" "--leak-check=yes" "--trace-children=no" "/work/hw-nemsisss/hw4/hw4_tests/bst_tests/bst_tests" "--gtest_filter=BSTRemove.RightChildRemove"
Directory: /work/hw-nemsisss/hw4/hw4_tests/bst_tests
"BSTRemove.RightChildRemove" start time: Apr 04 20:35 UTC
Output:
----------------------------------------------------------
==61442== Memcheck, a memory error detector
==61442== Copyright (C) 2002-2017, and GNU GPL'd, by Julian Seward et al.
==61442== Using Valgrind-3.15.0 and LibVEX; rerun with -h for copyright info
==61442== Command: /work/hw-nemsisss/hw4/hw4_tests/bst_tests/bst_tests --gtest_filter=BSTRemove.RightChildRemove
==61442== 
Running main() from /build/googletest-j5yxiC/googletest-1.10.0/googletest/src/gtest_main.cc
Note: Google Test filter = BSTRemove.RightChildRemove
[==========] Running 1 test from 1 test suite.
[----------] Global test environment set-up.
[----------] 1 test from BSTRemove
[ RUN      ] BSTRemove.RightChildRemove
[       OK ] BSTRemove.RightChildRemove (49 ms)
[----------] 1 test from BSTRemove (56 ms total)

[----------] Global test environment tear-down
[==========] 1 test from 1 test suite ran. (79 ms total)
[  PASSED  ] 1 test.
==61442== 
==61442== HEAP SUMMARY:
==61442==     in use at exit: 0 bytes in 0 blocks
==61442==   total heap usage: 509 allocs, 509 frees, 135,555 bytes allocated
==61442== 
==61442== All heap blocks were freed -- no leaks are possible
==61442== 
==61442== For lists of detected and suppressed errors, rerun with: -s
==61442== ERROR SUMMARY: 0 errors from 0 contexts (suppressed: 0 from 0)
<end of output>
Test time =   1.38 sec
----------------------------------------------------------
Test Passed.
"BSTRemove.RightChildRemove" end time: Apr 04 20:35 UTC
"BSTRemove.RightChildRemove" time elapsed: 00:00:01
----------------------------------------------------------

32/66 Testing: BSTRemove.LeftChildRemove
32/66 Test: BSTRemove.LeftChildRemove
Command: "/usr/bin/valgrind" "--tool=memcheck" "--leak-check=yes" "--trace-children=no" "/work/hw-nemsisss/hw4/hw4_tests/bst_tests/bst_tests" "--gtest_filter=BSTRemove.LeftChildRemove"
Directory: /work/hw-nemsisss/hw4/hw4_tests/bst_tests
"BSTRemove.LeftChildRemove" start time: Apr 04 20:35 UTC
Output:
----------------------------------------------------------
==61443== Memcheck, a memory error detector
==61443== Copyright (C) 2002-2017, and GNU GPL'd, by Julian Seward et al.
==61443== Using Valgrind-3.15.0 and LibVEX; rerun with -h for copyright info
==61443== Command: /work/hw-nemsisss/hw4/hw4_tests/bst_tests/bst_tests --gtest_filter=BSTRemove.LeftChildRemove
==61443== 
Running main() from /build/googletest-j5yxiC/googletest-1.10.0/googletest/src/gtest_main.cc
Note: Google Test filter = BSTRemove.LeftChildRemove
[==========] Running 1 test from 1 test suite.
[----------] Global test environment set-up.
[----------] 1 test from BSTRemove
[ RUN      ] BSTRemove.LeftChildRemove
[       OK ] BSTRemove.LeftChildRemove (39 ms)
[----------] 1 test from BSTRemove (46 ms total)

[----------] Global test environment tear-down
[==========] 1 test from 1 test suite ran. (68 ms total)
[  PASSED  ] 1 test.
==61443== 
==61443== HEAP SUMMARY:
==61443==     in use at exit: 0 bytes in 0 blocks
==61443==   total heap usage: 509 allocs, 509 frees, 135,548 bytes allocated
==61443== 
==61443== All heap blocks were freed -- no leaks are possible
==61443== 
==61443== For lists of detected and suppressed errors, rerun with: -s
==61443== ERROR SUMMARY: 0 errors from 0 contexts (suppressed: 0 from 0)
<end of output>
Test time =   1.25 sec
----------------------------------------------------------
Test Passed.
"BSTRemove.LeftChildRemove" end time: Apr 04 20:35 UTC
"BSTRemove.LeftChildRemove" time elapsed: 00:00:01
----------------------------------------------------------

33/66 Testing: BSTRemove.TwoChildrenRemove_3Node
33/66 Test: BSTRemove.TwoChildrenRemove_3Node
Command: "/usr/bin/valgrind" "--tool=memcheck" "--leak-check=yes" "--trace-children=no" "/work/hw-nemsisss/hw4/hw4_tests/bst_tests/bst_tests" "--gtest_filter=BSTRemove.TwoChildrenRemove_3Node"
Directory: /work/hw-nemsisss/hw4/hw4_tests/bst_tests
"BSTRemove.TwoChildrenRemove_3Node" start time: Apr 04 20:35 UTC
Output:
----------------------------------------------------------
==61444== Memcheck, a memory error detector
==61444== Copyright (C) 2002-2017, and GNU GPL'd, by Julian Seward et al.
==61444== Using Valgrind-3.15.0 and LibVEX; rerun with -h for copyright info
==61444== Command: /work/hw-nemsisss/hw4/hw4_tests/bst_tests/bst_tests --gtest_filter=BSTRemove.TwoChildrenRemove_3Node
==61444== 
Running main() from /build/googletest-j5yxiC/googletest-1.10.0/googletest/src/gtest_main.cc
Note: Google Test filter = BSTRemove.TwoChildrenRemove_3Node
[==========] Running 1 test from 1 test suite.
[----------] Global test environment set-up.
[----------] 1 test from BSTRemove
[ RUN      ] BSTRemove.TwoChildrenRemove_3Node
[       OK ] BSTRemove.TwoChildrenRemove_3Node (44 ms)
[----------] 1 test from BSTRemove (49 ms total)

[----------] Global test environment tear-down
[==========] 1 test from 1 test suite ran. (73 ms total)
[  PASSED  ] 1 test.
==61444== 
==61444== HEAP SUMMARY:
==61444==     in use at exit: 0 bytes in 0 blocks
==61444==   total heap usage: 509 allocs, 509 frees, 135,703 bytes allocated
==61444== 
==61444== All heap blocks were freed -- no leaks are possible
==61444== 
==61444== For lists of detected and suppressed errors, rerun with: -s
==61444== ERROR SUMMARY: 0 errors from 0 contexts (suppressed: 0 from 0)
<end of output>
Test time =   1.11 sec
----------------------------------------------------------
Test Passed.
"BSTRemove.TwoChildrenRemove_3Node" end time: Apr 04 20:35 UTC
"BSTRemove.TwoChildrenRemove_3Node" time elapsed: 00:00:01
----------------------------------------------------------

34/66 Testing: BSTRemove.TwoChildrenRemove_4Node
34/66 Test: BSTRemove.TwoChildrenRemove_4Node
Command: "/usr/bin/valgrind" "--tool=memcheck" "--leak-check=yes" "--trace-children=no" "/work/hw-nemsisss/hw4/hw4_tests/bst_tests/bst_tests" "--gtest_filter=BSTRemove.TwoChildrenRemove_4Node"
Directory: /work/hw-nemsisss/hw4/hw4_tests/bst_tests
"BSTRemove.TwoChildrenRemove_4Node" start time: Apr 04 20:35 UTC
Output:
----------------------------------------------------------
==61445== Memcheck, a memory error detector
==61445== Copyright (C) 2002-2017, and GNU GPL'd, by Julian Seward et al.
==61445== Using Valgrind-3.15.0 and LibVEX; rerun with -h for copyright info
==61445== Command: /work/hw-nemsisss/hw4/hw4_tests/bst_tests/bst_tests --gtest_filter=BSTRemove.TwoChildrenRemove_4Node
==61445== 
Running main() from /build/googletest-j5yxiC/googletest-1.10.0/googletest/src/gtest_main.cc
Note: Google Test filter = BSTRemove.TwoChildrenRemove_4Node
[==========] Running 1 test from 1 test suite.
[----------] Global test environment set-up.
[----------] 1 test from BSTRemove
[ RUN      ] BSTRemove.TwoChildrenRemove_4Node
[       OK ] BSTRemove.TwoChildrenRemove_4Node (78 ms)
[----------] 1 test from BSTRemove (95 ms total)

[----------] Global test environment tear-down
[==========] 1 test from 1 test suite ran. (144 ms total)
[  PASSED  ] 1 test.
==61445== 
==61445== HEAP SUMMARY:
==61445==     in use at exit: 0 bytes in 0 blocks
==61445==   total heap usage: 511 allocs, 511 frees, 135,791 bytes allocated
==61445== 
==61445== All heap blocks were freed -- no leaks are possible
==61445== 
==61445== For lists of detected and suppressed errors, rerun with: -s
==61445== ERROR SUMMARY: 0 errors from 0 contexts (suppressed: 0 from 0)
<end of output>
Test time =   1.54 sec
----------------------------------------------------------
Test Passed.
"BSTRemove.TwoChildrenRemove_4Node" end time: Apr 04 20:35 UTC
"BSTRemove.TwoChildrenRemove_4Node" time elapsed: 00:00:01
----------------------------------------------------------

35/66 Testing: BSTRemove.Random50x30ele
35/66 Test: BSTRemove.Random50x30ele
Command: "/usr/bin/valgrind" "--tool=memcheck" "--leak-check=yes" "--trace-children=no" "/work/hw-nemsisss/hw4/hw4_tests/bst_tests/bst_tests" "--gtest_filter=BSTRemove.Random50x30ele"
Directory: /work/hw-nemsisss/hw4/hw4_tests/bst_tests
"BSTRemove.Random50x30ele" start time: Apr 04 20:35 UTC
Output:
----------------------------------------------------------
==61446== Memcheck, a memory error detector
==61446== Copyright (C) 2002-2017, and GNU GPL'd, by Julian Seward et al.
==61446== Using Valgrind-3.15.0 and LibVEX; rerun with -h for copyright info
==61446== Command: /work/hw-nemsisss/hw4/hw4_tests/bst_tests/bst_tests --gtest_filter=BSTRemove.Random50x30ele
==61446== 
Running main() from /build/googletest-j5yxiC/googletest-1.10.0/googletest/src/gtest_main.cc
Note: Google Test filter = BSTRemove.Random50x30ele
[==========] Running 1 test from 1 test suite.
[----------] Global test environment set-up.
[----------] 1 test from BSTRemove
[ RUN      ] BSTRemove.Random50x30ele
[       OK ] BSTRemove.Random50x30ele (728 ms)
[----------] 1 test from BSTRemove (737 ms total)

[----------] Global test environment tear-down
[==========] 1 test from 1 test suite ran. (764 ms total)
[  PASSED  ] 1 test.
==61446== 
==61446== HEAP SUMMARY:
==61446==     in use at exit: 0 bytes in 0 blocks
==61446==   total heap usage: 3,755 allocs, 3,755 frees, 273,917 bytes allocated
==61446== 
==61446== All heap blocks were freed -- no leaks are possible
==61446== 
==61446== For lists of detected and suppressed errors, rerun with: -s
==61446== ERROR SUMMARY: 0 errors from 0 contexts (suppressed: 0 from 0)
<end of output>
Test time =   1.89 sec
----------------------------------------------------------
Test Passed.
"BSTRemove.Random50x30ele" end time: Apr 04 20:35 UTC
"BSTRemove.Random50x30ele" time elapsed: 00:00:01
----------------------------------------------------------

36/66 Testing: BSTStress.InsertRemove
36/66 Test: BSTStress.InsertRemove
Command: "/usr/bin/valgrind" "--tool=memcheck" "--leak-check=yes" "--trace-children=no" "/work/hw-nemsisss/hw4/hw4_tests/bst_tests/bst_tests" "--gtest_filter=BSTStress.InsertRemove"
Directory: /work/hw-nemsisss/hw4/hw4_tests/bst_tests
"BSTStress.InsertRemove" start time: Apr 04 20:35 UTC
Output:
----------------------------------------------------------
==61447== Memcheck, a memory error detector
==61447== Copyright (C) 2002-2017, and GNU GPL'd, by Julian Seward et al.
==61447== Using Valgrind-3.15.0 and LibVEX; rerun with -h for copyright info
==61447== Command: /work/hw-nemsisss/hw4/hw4_tests/bst_tests/bst_tests --gtest_filter=BSTStress.InsertRemove
==61447== 
Running main() from /build/googletest-j5yxiC/googletest-1.10.0/googletest/src/gtest_main.cc
Note: Google Test filter = BSTStress.InsertRemove
[==========] Running 1 test from 1 test suite.
[----------] Global test environment set-up.
[----------] 1 test from BSTStress
[ RUN      ] BSTStress.InsertRemove
[       OK ] BSTStress.InsertRemove (159 ms)
[----------] 1 test from BSTStress (166 ms total)

[----------] Global test environment tear-down
[==========] 1 test from 1 test suite ran. (189 ms total)
[  PASSED  ] 1 test.
==61447== 
==61447== HEAP SUMMARY:
==61447==     in use at exit: 0 bytes in 0 blocks
==61447==   total heap usage: 768 allocs, 768 frees, 147,911 bytes allocated
==61447== 
==61447== All heap blocks were freed -- no leaks are possible
==61447== 
==61447== For lists of detected and suppressed errors, rerun with: -s
==61447== ERROR SUMMARY: 0 errors from 0 contexts (suppressed: 0 from 0)
<end of output>
Test time =   1.22 sec
----------------------------------------------------------
Test Passed.
"BSTStress.InsertRemove" end time: Apr 04 20:35 UTC
"BSTStress.InsertRemove" time elapsed: 00:00:01
----------------------------------------------------------

37/66 Testing: BSTStress.Remove
37/66 Test: BSTStress.Remove
Command: "/usr/bin/valgrind" "--tool=memcheck" "--leak-check=yes" "--trace-children=no" "/work/hw-nemsisss/hw4/hw4_tests/bst_tests/bst_tests" "--gtest_filter=BSTStress.Remove"
Directory: /work/hw-nemsisss/hw4/hw4_tests/bst_tests
"BSTStress.Remove" start time: Apr 04 20:35 UTC
Output:
----------------------------------------------------------
==61448== Memcheck, a memory error detector
==61448== Copyright (C) 2002-2017, and GNU GPL'd, by Julian Seward et al.
==61448== Using Valgrind-3.15.0 and LibVEX; rerun with -h for copyright info
==61448== Command: /work/hw-nemsisss/hw4/hw4_tests/bst_tests/bst_tests --gtest_filter=BSTStress.Remove
==61448== 
Running main() from /build/googletest-j5yxiC/googletest-1.10.0/googletest/src/gtest_main.cc
Note: Google Test filter = BSTStress.Remove
[==========] Running 1 test from 1 test suite.
[----------] Global test environment set-up.
[----------] 1 test from BSTStress
[ RUN      ] BSTStress.Remove
Before any removals, tree is: 
                     [02]
           ┌─────────┘  └─────────┐                        
         [01]                    [03]
                                    └───┐            
                                       [04]
                                          └┐      
                                          [05]

Tree Placeholders:------------------
[01] -> (1, -50)
[02] -> (2, 8)
[03] -> (3, 0)
[04] -> (10, 0)
[05] -> (15, 0)

After removing -1 (which doesn't exist), tree is: 
                     [02]
           ┌─────────┘  └─────────┐                        
         [01]                    [03]
                                    └───┐            
                                       [04]
                                          └┐      
                                          [05]

Tree Placeholders:------------------
[01] -> (1, -50)
[02] -> (2, 8)
[03] -> (3, 0)
[04] -> (10, 0)
[05] -> (15, 0)

After removing 2 (the root), tree is: 
                     [01]
                        └─────────┐                        
                                 [02]
                                    └───┐            
                                       [03]
                                          └┐      
                                          [04]

Tree Placeholders:------------------
[01] -> (1, -50)
[02] -> (3, 0)
[03] -> (10, 0)
[04] -> (15, 0)

After removing 10, tree is: 
         [01]
            └───┐            
               [02]
                  └┐      
                  [03]

Tree Placeholders:------------------
[01] -> (1, -50)
[02] -> (3, 0)
[03] -> (15, 0)

After removing 1, tree is: 
   [01]
      └┐      
      [02]

Tree Placeholders:------------------
[01] -> (3, 0)
[02] -> (15, 0)

After removing 3, tree is: 
[01]

Tree Placeholders:------------------
[01] -> (15, 0)

After removing 15 (the last element), tree is: 
<empty tree>

After removing 15 (which doesn't exist), tree is: 
<empty tree>

[       OK ] BSTStress.Remove (131 ms)
[----------] 1 test from BSTStress (137 ms total)

[----------] Global test environment tear-down
[==========] 1 test from 1 test suite ran. (166 ms total)
[  PASSED  ] 1 test.
==61448== 
==61448== HEAP SUMMARY:
==61448==     in use at exit: 0 bytes in 0 blocks
==61448==   total heap usage: 595 allocs, 595 frees, 138,451 bytes allocated
==61448== 
==61448== All heap blocks were freed -- no leaks are possible
==61448== 
==61448== For lists of detected and suppressed errors, rerun with: -s
==61448== ERROR SUMMARY: 0 errors from 0 contexts (suppressed: 0 from 0)
<end of output>
Test time =   1.19 sec
----------------------------------------------------------
Test Passed.
"BSTStress.Remove" end time: Apr 04 20:35 UTC
"BSTStress.Remove" time elapsed: 00:00:01
----------------------------------------------------------

38/66 Testing: BSTBalance.EmptyTree
38/66 Test: BSTBalance.EmptyTree
Command: "/usr/bin/valgrind" "--tool=memcheck" "--leak-check=yes" "--trace-children=no" "/work/hw-nemsisss/hw4/hw4_tests/bst_tests/bst_tests" "--gtest_filter=BSTBalance.EmptyTree"
Directory: /work/hw-nemsisss/hw4/hw4_tests/bst_tests
"BSTBalance.EmptyTree" start time: Apr 04 20:35 UTC
Output:
----------------------------------------------------------
==61449== Memcheck, a memory error detector
==61449== Copyright (C) 2002-2017, and GNU GPL'd, by Julian Seward et al.
==61449== Using Valgrind-3.15.0 and LibVEX; rerun with -h for copyright info
==61449== Command: /work/hw-nemsisss/hw4/hw4_tests/bst_tests/bst_tests --gtest_filter=BSTBalance.EmptyTree
==61449== 
Running main() from /build/googletest-j5yxiC/googletest-1.10.0/googletest/src/gtest_main.cc
Note: Google Test filter = BSTBalance.EmptyTree
[==========] Running 1 test from 1 test suite.
[----------] Global test environment set-up.
[----------] 1 test from BSTBalance
[ RUN      ] BSTBalance.EmptyTree
[       OK ] BSTBalance.EmptyTree (8 ms)
[----------] 1 test from BSTBalance (14 ms total)

[----------] Global test environment tear-down
[==========] 1 test from 1 test suite ran. (38 ms total)
[  PASSED  ] 1 test.
==61449== 
==61449== HEAP SUMMARY:
==61449==     in use at exit: 0 bytes in 0 blocks
==61449==   total heap usage: 504 allocs, 504 frees, 135,289 bytes allocated
==61449== 
==61449== All heap blocks were freed -- no leaks are possible
==61449== 
==61449== For lists of detected and suppressed errors, rerun with: -s
==61449== ERROR SUMMARY: 0 errors from 0 contexts (suppressed: 0 from 0)
<end of output>
Test time =   1.09 sec
----------------------------------------------------------
Test Passed.
"BSTBalance.EmptyTree" end time: Apr 04 20:35 UTC
"BSTBalance.EmptyTree" time elapsed: 00:00:01
----------------------------------------------------------

39/66 Testing: BSTBalance.OneNode
39/66 Test: BSTBalance.OneNode
Command: "/usr/bin/valgrind" "--tool=memcheck" "--leak-check=yes" "--trace-children=no" "/work/hw-nemsisss/hw4/hw4_tests/bst_tests/bst_tests" "--gtest_filter=BSTBalance.OneNode"
Directory: /work/hw-nemsisss/hw4/hw4_tests/bst_tests
"BSTBalance.OneNode" start time: Apr 04 20:35 UTC
Output:
----------------------------------------------------------
==61450== Memcheck, a memory error detector
==61450== Copyright (C) 2002-2017, and GNU GPL'd, by Julian Seward et al.
==61450== Using Valgrind-3.15.0 and LibVEX; rerun with -h for copyright info
==61450== Command: /work/hw-nemsisss/hw4/hw4_tests/bst_tests/bst_tests --gtest_filter=BSTBalance.OneNode
==61450== 
Running main() from /build/googletest-j5yxiC/googletest-1.10.0/googletest/src/gtest_main.cc
Note: Google Test filter = BSTBalance.OneNode
[==========] Running 1 test from 1 test suite.
[----------] Global test environment set-up.
[----------] 1 test from BSTBalance
[ RUN      ] BSTBalance.OneNode
[       OK ] BSTBalance.OneNode (15 ms)
[----------] 1 test from BSTBalance (21 ms total)

[----------] Global test environment tear-down
[==========] 1 test from 1 test suite ran. (48 ms total)
[  PASSED  ] 1 test.
==61450== 
==61450== HEAP SUMMARY:
==61450==     in use at exit: 0 bytes in 0 blocks
==61450==   total heap usage: 505 allocs, 505 frees, 135,371 bytes allocated
==61450== 
==61450== All heap blocks were freed -- no leaks are possible
==61450== 
==61450== For lists of detected and suppressed errors, rerun with: -s
==61450== ERROR SUMMARY: 0 errors from 0 contexts (suppressed: 0 from 0)
<end of output>
Test time =   1.09 sec
----------------------------------------------------------
Test Passed.
"BSTBalance.OneNode" end time: Apr 04 20:35 UTC
"BSTBalance.OneNode" time elapsed: 00:00:01
----------------------------------------------------------

40/66 Testing: BSTBalance.3Nodes_Unbalanced
40/66 Test: BSTBalance.3Nodes_Unbalanced
Command: "/usr/bin/valgrind" "--tool=memcheck" "--leak-check=yes" "--trace-children=no" "/work/hw-nemsisss/hw4/hw4_tests/bst_tests/bst_tests" "--gtest_filter=BSTBalance.3Nodes_Unbalanced"
Directory: /work/hw-nemsisss/hw4/hw4_tests/bst_tests
"BSTBalance.3Nodes_Unbalanced" start time: Apr 04 20:35 UTC
Output:
----------------------------------------------------------
==61451== Memcheck, a memory error detector
==61451== Copyright (C) 2002-2017, and GNU GPL'd, by Julian Seward et al.
==61451== Using Valgrind-3.15.0 and LibVEX; rerun with -h for copyright info
==61451== Command: /work/hw-nemsisss/hw4/hw4_tests/bst_tests/bst_tests --gtest_filter=BSTBalance.3Nodes_Unbalanced
==61451== 
Running main() from /build/googletest-j5yxiC/googletest-1.10.0/googletest/src/gtest_main.cc
Note: Google Test filter = BSTBalance.3Nodes_Unbalanced
[==========] Running 1 test from 1 test suite.
[----------] Global test environment set-up.
[----------] 1 test from BSTBalance
[ RUN      ] BSTBalance.3Nodes_Unbalanced
[       OK ] BSTBalance.3Nodes_Unbalanced (18 ms)
[----------] 1 test from BSTBalance (24 ms total)

[----------] Global test environment tear-down
[==========] 1 test from 1 test suite ran. (47 ms total)
[  PASSED  ] 1 test.
==61451== 
==61451== HEAP SUMMARY:
==61451==     in use at exit: 0 bytes in 0 blocks
==61451==   total heap usage: 507 allocs, 507 frees, 135,465 bytes allocated
==61451== 
==61451== All heap blocks were freed -- no leaks are possible
==61451== 
==61451== For lists of detected and suppressed errors, rerun with: -s
==61451== ERROR SUMMARY: 0 errors from 0 contexts (suppressed: 0 from 0)
<end of output>
Test time =   1.06 sec
----------------------------------------------------------
Test Passed.
"BSTBalance.3Nodes_Unbalanced" end time: Apr 04 20:35 UTC
"BSTBalance.3Nodes_Unbalanced" time elapsed: 00:00:01
----------------------------------------------------------

41/66 Testing: BSTBalance.3Nodes_Balanced
41/66 Test: BSTBalance.3Nodes_Balanced
Command: "/usr/bin/valgrind" "--tool=memcheck" "--leak-check=yes" "--trace-children=no" "/work/hw-nemsisss/hw4/hw4_tests/bst_tests/bst_tests" "--gtest_filter=BSTBalance.3Nodes_Balanced"
[...]
[==========] Running 1 test from 1 test suite.
[----------] Global test environment set-up.
[----------] 1 test from AVLRemove
[ RUN      ] AVLRemove.EmptyTree
[       OK ] AVLRemove.EmptyTree (19 ms)
[----------] 1 test from AVLRemove (26 ms total)

[----------] Global test environment tear-down
[==========] 1 test from 1 test suite ran. (50 ms total)
[  PASSED  ] 1 test.
==61468== 
==61468== HEAP SUMMARY:
==61468==     in use at exit: 0 bytes in 0 blocks
==61468==   total heap usage: 423 allocs, 423 frees, 129,873 bytes allocated
==61468== 
==61468== All heap blocks were freed -- no leaks are possible
==61468== 
==61468== For lists of detected and suppressed errors, rerun with: -s
==61468== ERROR SUMMARY: 0 errors from 0 contexts (suppressed: 0 from 0)
<end of output>
Test time =   1.09 sec
----------------------------------------------------------
Test Passed.
"AVLRemove.EmptyTree" end time: Apr 04 20:35 UTC
"AVLRemove.EmptyTree" time elapsed: 00:00:01
----------------------------------------------------------

58/66 Testing: AVLRemove.NodeMismatch
58/66 Test: AVLRemove.NodeMismatch
Command: "/usr/bin/valgrind" "--tool=memcheck" "--leak-check=yes" "--trace-children=no" "/work/hw-nemsisss/hw4/hw4_tests/avl_tests/avl_tests" "--gtest_filter=AVLRemove.NodeMismatch"
Directory: /work/hw-nemsisss/hw4/hw4_tests/avl_tests
"AVLRemove.NodeMismatch" start time: Apr 04 20:35 UTC
Output:
----------------------------------------------------------
==61469== Memcheck, a memory error detector
==61469== Copyright (C) 2002-2017, and GNU GPL'd, by Julian Seward et al.
==61469== Using Valgrind-3.15.0 and LibVEX; rerun with -h for copyright info
==61469== Command: /work/hw-nemsisss/hw4/hw4_tests/avl_tests/avl_tests --gtest_filter=AVLRemove.NodeMismatch
==61469== 
Running main() from /build/googletest-j5yxiC/googletest-1.10.0/googletest/src/gtest_main.cc
Note: Google Test filter = AVLRemove.NodeMismatch
[==========] Running 1 test from 1 test suite.
[----------] Global test environment set-up.
[----------] 1 test from AVLRemove
[ RUN      ] AVLRemove.NodeMismatch
[       OK ] AVLRemove.NodeMismatch (49 ms)
[----------] 1 test from AVLRemove (56 ms total)

[----------] Global test environment tear-down
[==========] 1 test from 1 test suite ran. (80 ms total)
[  PASSED  ] 1 test.
==61469== 
==61469== HEAP SUMMARY:
==61469==     in use at exit: 0 bytes in 0 blocks
==61469==   total heap usage: 427 allocs, 427 frees, 130,230 bytes allocated
==61469== 
==61469== All heap blocks were freed -- no leaks are possible
==61469== 
==61469== For lists of detected and suppressed errors, rerun with: -s
==61469== ERROR SUMMARY: 0 errors from 0 contexts (suppressed: 0 from 0)
<end of output>
Test time =   1.16 sec
----------------------------------------------------------
Test Passed.
"AVLRemove.NodeMismatch" end time: Apr 04 20:35 UTC
"AVLRemove.NodeMismatch" time elapsed: 00:00:01
----------------------------------------------------------

59/66 Testing: AVLRemove.SingleRemove
59/66 Test: AVLRemove.SingleRemove
Command: "/usr/bin/valgrind" "--tool=memcheck" "--leak-check=yes" "--trace-children=no" "/work/hw-nemsisss/hw4/hw4_tests/avl_tests/avl_tests" "--gtest_filter=AVLRemove.SingleRemove"
Directory: /work/hw-nemsisss/hw4/hw4_tests/avl_tests
"AVLRemove.SingleRemove" start time: Apr 04 20:35 UTC
Output:
----------------------------------------------------------
==61470== Memcheck, a memory error detector
==61470== Copyright (C) 2002-2017, and GNU GPL'd, by Julian Seward et al.
==61470== Using Valgrind-3.15.0 and LibVEX; rerun with -h for copyright info
==61470== Command: /work/hw-nemsisss/hw4/hw4_tests/avl_tests/avl_tests --gtest_filter=AVLRemove.SingleRemove
==61470== 
Running main() from /build/googletest-j5yxiC/googletest-1.10.0/googletest/src/gtest_main.cc
Note: Google Test filter = AVLRemove.SingleRemove
[==========] Running 1 test from 1 test suite.
[----------] Global test environment set-up.
[----------] 1 test from AVLRemove
[ RUN      ] AVLRemove.SingleRemove
[       OK ] AVLRemove.SingleRemove (46 ms)
[----------] 1 test from AVLRemove (52 ms total)

[----------] Global test environment tear-down
[==========] 1 test from 1 test suite ran. (87 ms total)
[  PASSED  ] 1 test.
==61470== 
==61470== HEAP SUMMARY:
==61470==     in use at exit: 0 bytes in 0 blocks
==61470==   total heap usage: 423 allocs, 423 frees, 129,915 bytes allocated
==61470== 
==61470== All heap blocks were freed -- no leaks are possible
==61470== 
==61470== For lists of detected and suppressed errors, rerun with: -s
==61470== ERROR SUMMARY: 0 errors from 0 contexts (suppressed: 0 from 0)
<end of output>
Test time =   1.23 sec
----------------------------------------------------------
Test Passed.
"AVLRemove.SingleRemove" end time: Apr 04 20:35 UTC
"AVLRemove.SingleRemove" time elapsed: 00:00:01
----------------------------------------------------------

60/66 Testing: AVLRemove.RightChildRemove
60/66 Test: AVLRemove.RightChildRemove
Command: "/usr/bin/valgrind" "--tool=memcheck" "--leak-check=yes" "--trace-children=no" "/work/hw-nemsisss/hw4/hw4_tests/avl_tests/avl_tests" "--gtest_filter=AVLRemove.RightChildRemove"
Directory: /work/hw-nemsisss/hw4/hw4_tests/avl_tests
"AVLRemove.RightChildRemove" start time: Apr 04 20:35 UTC
Output:
----------------------------------------------------------
==61471== Memcheck, a memory error detector
==61471== Copyright (C) 2002-2017, and GNU GPL'd, by Julian Seward et al.
==61471== Using Valgrind-3.15.0 and LibVEX; rerun with -h for copyright info
==61471== Command: /work/hw-nemsisss/hw4/hw4_tests/avl_tests/avl_tests --gtest_filter=AVLRemove.RightChildRemove
==61471== 
Running main() from /build/googletest-j5yxiC/googletest-1.10.0/googletest/src/gtest_main.cc
Note: Google Test filter = AVLRemove.RightChildRemove
[==========] Running 1 test from 1 test suite.
[----------] Global test environment set-up.
[----------] 1 test from AVLRemove
[ RUN      ] AVLRemove.RightChildRemove
[       OK ] AVLRemove.RightChildRemove (53 ms)
[----------] 1 test from AVLRemove (58 ms total)

[----------] Global test environment tear-down
[==========] 1 test from 1 test suite ran. (83 ms total)
[  PASSED  ] 1 test.
==61471== 
==61471== HEAP SUMMARY:
==61471==     in use at exit: 0 bytes in 0 blocks
==61471==   total heap usage: 429 allocs, 429 frees, 130,231 bytes allocated
==61471== 
==61471== All heap blocks were freed -- no leaks are possible
==61471== 
==61471== For lists of detected and suppressed errors, rerun with: -s
==61471== ERROR SUMMARY: 0 errors from 0 contexts (suppressed: 0 from 0)
<end of output>
Test time =   1.11 sec
----------------------------------------------------------
Test Passed.
"AVLRemove.RightChildRemove" end time: Apr 04 20:35 UTC
"AVLRemove.RightChildRemove" time elapsed: 00:00:01
----------------------------------------------------------

61/66 Testing: AVLRemove.LeftChildRemove
61/66 Test: AVLRemove.LeftChildRemove
Command: "/usr/bin/valgrind" "--tool=memcheck" "--leak-check=yes" "--trace-children=no" "/work/hw-nemsisss/hw4/hw4_tests/avl_tests/avl_tests" "--gtest_filter=AVLRemove.LeftChildRemove"
Directory: /work/hw-nemsisss/hw4/hw4_tests/avl_tests
"AVLRemove.LeftChildRemove" start time: Apr 04 20:35 UTC
Output:
----------------------------------------------------------
==61472== Memcheck, a memory error detector
==61472== Copyright (C) 2002-2017, and GNU GPL'd, by Julian Seward et al.
==61472== Using Valgrind-3.15.0 and LibVEX; rerun with -h for copyright info
==61472== Command: /work/hw-nemsisss/hw4/hw4_tests/avl_tests/avl_tests --gtest_filter=AVLRemove.LeftChildRemove
==61472== 
Running main() from /build/googletest-j5yxiC/googletest-1.10.0/googletest/src/gtest_main.cc
Note: Google Test filter = AVLRemove.LeftChildRemove
[==========] Running 1 test from 1 test suite.
[----------] Global test environment set-up.
[----------] 1 test from AVLRemove
[ RUN      ] AVLRemove.LeftChildRemove
[       OK ] AVLRemove.LeftChildRemove (74 ms)
[----------] 1 test from AVLRemove (84 ms total)

[----------] Global test environment tear-down
[==========] 1 test from 1 test suite ran. (117 ms total)
[  PASSED  ] 1 test.
==61472== 
==61472== HEAP SUMMARY:
==61472==     in use at exit: 0 bytes in 0 blocks
==61472==   total heap usage: 429 allocs, 429 frees, 130,224 bytes allocated
==61472== 
==61472== All heap blocks were freed -- no leaks are possible
==61472== 
==61472== For lists of detected and suppressed errors, rerun with: -s
==61472== ERROR SUMMARY: 0 errors from 0 contexts (suppressed: 0 from 0)
<end of output>
Test time =   1.15 sec
----------------------------------------------------------
Test Passed.
"AVLRemove.LeftChildRemove" end time: Apr 04 20:35 UTC
"AVLRemove.LeftChildRemove" time elapsed: 00:00:01
----------------------------------------------------------

62/66 Testing: AVLRemove.TwoChildrenRemove_3Node
62/66 Test: AVLRemove.TwoChildrenRemove_3Node
Command: "/usr/bin/valgrind" "--tool=memcheck" "--leak-check=yes" "--trace-children=no" "/work/hw-nemsisss/hw4/hw4_tests/avl_tests/avl_tests" "--gtest_filter=AVLRemove.TwoChildrenRemove_3Node"
Directory: /work/hw-nemsisss/hw4/hw4_tests/avl_tests
"AVLRemove.TwoChildrenRemove_3Node" start time: Apr 04 20:35 UTC
Output:
----------------------------------------------------------
==61473== Memcheck, a memory error detector
==61473== Copyright (C) 2002-2017, and GNU GPL'd, by Julian Seward et al.
==61473== Using Valgrind-3.15.0 and LibVEX; rerun with -h for copyright info
==61473== Command: /work/hw-nemsisss/hw4/hw4_tests/avl_tests/avl_tests --gtest_filter=AVLRemove.TwoChildrenRemove_3Node
==61473== 
Running main() from /build/googletest-j5yxiC/googletest-1.10.0/googletest/src/gtest_main.cc
Note: Google Test filter = AVLRemove.TwoChildrenRemove_3Node
[==========] Running 1 test from 1 test suite.
[----------] Global test environment set-up.
[----------] 1 test from AVLRemove
[ RUN      ] AVLRemove.TwoChildrenRemove_3Node
[       OK ] AVLRemove.TwoChildrenRemove_3Node (55 ms)
[----------] 1 test from AVLRemove (62 ms total)

[----------] Global test environment tear-down
[==========] 1 test from 1 test suite ran. (87 ms total)
[  PASSED  ] 1 test.
==61473== 
==61473== HEAP SUMMARY:
==61473==     in use at exit: 0 bytes in 0 blocks
==61473==   total heap usage: 427 allocs, 427 frees, 130,259 bytes allocated
==61473== 
==61473== All heap blocks were freed -- no leaks are possible
==61473== 
==61473== For lists of detected and suppressed errors, rerun with: -s
==61473== ERROR SUMMARY: 0 errors from 0 contexts (suppressed: 0 from 0)
<end of output>
Test time =   1.25 sec
----------------------------------------------------------
Test Passed.
"AVLRemove.TwoChildrenRemove_3Node" end time: Apr 04 20:35 UTC
"AVLRemove.TwoChildrenRemove_3Node" time elapsed: 00:00:01
----------------------------------------------------------

63/66 Testing: AVLRemove.TwoChildrenRemove_4Node
63/66 Test: AVLRemove.TwoChildrenRemove_4Node
Command: "/usr/bin/valgrind" "--tool=memcheck" "--leak-check=yes" "--trace-children=no" "/work/hw-nemsisss/hw4/hw4_tests/avl_tests/avl_tests" "--gtest_filter=AVLRemove.TwoChildrenRemove_4Node"
Directory: /work/hw-nemsisss/hw4/hw4_tests/avl_tests
"AVLRemove.TwoChildrenRemove_4Node" start time: Apr 04 20:35 UTC
Output:
----------------------------------------------------------
==61474== Memcheck, a memory error detector
==61474== Copyright (C) 2002-2017, and GNU GPL'd, by Julian Seward et al.
==61474== Using Valgrind-3.15.0 and LibVEX; rerun with -h for copyright info
==61474== Command: /work/hw-nemsisss/hw4/hw4_tests/avl_tests/avl_tests --gtest_filter=AVLRemove.TwoChildrenRemove_4Node
==61474== 
Running main() from /build/googletest-j5yxiC/googletest-1.10.0/googletest/src/gtest_main.cc
Note: Google Test filter = AVLRemove.TwoChildrenRemove_4Node
[==========] Running 1 test from 1 test suite.
[----------] Global test environment set-up.
[----------] 1 test from AVLRemove
[ RUN      ] AVLRemove.TwoChildrenRemove_4Node
[       OK ] AVLRemove.TwoChildrenRemove_4Node (68 ms)
[----------] 1 test from AVLRemove (75 ms total)

[----------] Global test environment tear-down
[==========] 1 test from 1 test suite ran. (102 ms total)
[  PASSED  ] 1 test.
==61474== 
==61474== HEAP SUMMARY:
==61474==     in use at exit: 0 bytes in 0 blocks
==61474==   total heap usage: 429 allocs, 429 frees, 130,355 bytes allocated
==61474== 
==61474== All heap blocks were freed -- no leaks are possible
==61474== 
==61474== For lists of detected and suppressed errors, rerun with: -s
==61474== ERROR SUMMARY: 0 errors from 0 contexts (suppressed: 0 from 0)
<end of output>
Test time =   1.13 sec
----------------------------------------------------------
Test Passed.
"AVLRemove.TwoChildrenRemove_4Node" end time: Apr 04 20:35 UTC
"AVLRemove.TwoChildrenRemove_4Node" time elapsed: 00:00:01
----------------------------------------------------------

64/66 Testing: AVLRemove.Random50x30ele
64/66 Test: AVLRemove.Random50x30ele
Command: "/usr/bin/valgrind" "--tool=memcheck" "--leak-check=yes" "--trace-children=no" "/work/hw-nemsisss/hw4/hw4_tests/avl_tests/avl_tests" "--gtest_filter=AVLRemove.Random50x30ele"
Directory: /work/hw-nemsisss/hw4/hw4_tests/avl_tests
"AVLRemove.Random50x30ele" start time: Apr 04 20:35 UTC
Output:
----------------------------------------------------------
==61475== Memcheck, a memory error detector
==61475== Copyright (C) 2002-2017, and GNU GPL'd, by Julian Seward et al.
==61475== Using Valgrind-3.15.0 and LibVEX; rerun with -h for copyright info
==61475== Command: /work/hw-nemsisss/hw4/hw4_tests/avl_tests/avl_tests --gtest_filter=AVLRemove.Random50x30ele
==61475== 
Running main() from /build/googletest-j5yxiC/googletest-1.10.0/googletest/src/gtest_main.cc
Note: Google Test filter = AVLRemove.Random50x30ele
[==========] Running 1 test from 1 test suite.
[----------] Global test environment set-up.
[----------] 1 test from AVLRemove
[ RUN      ] AVLRemove.Random50x30ele
[       OK ] AVLRemove.Random50x30ele (1065 ms)
[----------] 1 test from AVLRemove (1072 ms total)

[----------] Global test environment tear-down
[==========] 1 test from 1 test suite ran. (1101 ms total)
[  PASSED  ] 1 test.
==61475== 
==61475== HEAP SUMMARY:
==61475==     in use at exit: 0 bytes in 0 blocks
==61475==   total heap usage: 3,673 allocs, 3,673 frees, 280,473 bytes allocated
==61475== 
==61475== All heap blocks were freed -- no leaks are possible
==61475== 
==61475== For lists of detected and suppressed errors, rerun with: -s
==61475== ERROR SUMMARY: 0 errors from 0 contexts (suppressed: 0 from 0)
<end of output>
Test time =   2.12 sec
----------------------------------------------------------
Test Passed.
"AVLRemove.Random50x30ele" end time: Apr 04 20:35 UTC
"AVLRemove.Random50x30ele" time elapsed: 00:00:02
----------------------------------------------------------

65/66 Testing: AVLStress.InsertRemove
65/66 Test: AVLStress.InsertRemove
Command: "/usr/bin/valgrind" "--tool=memcheck" "--leak-check=yes" "--trace-children=no" "/work/hw-nemsisss/hw4/hw4_tests/avl_tests/avl_tests" "--gtest_filter=AVLStress.InsertRemove"
Directory: /work/hw-nemsisss/hw4/hw4_tests/avl_tests
"AVLStress.InsertRemove" start time: Apr 04 20:35 UTC
Output:
----------------------------------------------------------
==61476== Memcheck, a memory error detector
==61476== Copyright (C) 2002-2017, and GNU GPL'd, by Julian Seward et al.
==61476== Using Valgrind-3.15.0 and LibVEX; rerun with -h for copyright info
==61476== Command: /work/hw-nemsisss/hw4/hw4_tests/avl_tests/avl_tests --gtest_filter=AVLStress.InsertRemove
==61476== 
Running main() from /build/googletest-j5yxiC/googletest-1.10.0/googletest/src/gtest_main.cc
Note: Google Test filter = AVLStress.InsertRemove
[==========] Running 1 test from 1 test suite.
[----------] Global test environment set-up.
[----------] 1 test from AVLStress
[ RUN      ] AVLStress.InsertRemove
[       OK ] AVLStress.InsertRemove (186 ms)
[----------] 1 test from AVLStress (193 ms total)

[----------] Global test environment tear-down
[==========] 1 test from 1 test suite ran. (226 ms total)
[  PASSED  ] 1 test.
==61476== 
==61476== HEAP SUMMARY:
==61476==     in use at exit: 0 bytes in 0 blocks
==61476==   total heap usage: 686 allocs, 686 frees, 142,979 bytes allocated
==61476== 
==61476== All heap blocks were freed -- no leaks are possible
==61476== 
==61476== For lists of detected and suppressed errors, rerun with: -s
==61476== ERROR SUMMARY: 0 errors from 0 contexts (suppressed: 0 from 0)
<end of output>
Test time =   1.41 sec
----------------------------------------------------------
Test Passed.
"AVLStress.InsertRemove" end time: Apr 04 20:35 UTC
"AVLStress.InsertRemove" time elapsed: 00:00:01
----------------------------------------------------------

66/66 Testing: AVLStress.Remove
66/66 Test: AVLStress.Remove
Command: "/usr/bin/valgrind" "--tool=memcheck" "--leak-check=yes" "--trace-children=no" "/work/hw-nemsisss/hw4/hw4_tests/avl_tests/avl_tests" "--gtest_filter=AVLStress.Remove"
Directory: /work/hw-nemsisss/hw4/hw4_tests/avl_tests
"AVLStress.Remove" start time: Apr 04 20:35 UTC
Output:
----------------------------------------------------------
==61477== Memcheck, a memory error detector
==61477== Copyright (C) 2002-2017, and GNU GPL'd, by Julian Seward et al.
==61477== Using Valgrind-3.15.0 and LibVEX; rerun with -h for copyright info
==61477== Command: /work/hw-nemsisss/hw4/hw4_tests/avl_tests/avl_tests --gtest_filter=AVLStress.Remove
==61477== 
Running main() from /build/googletest-j5yxiC/googletest-1.10.0/googletest/src/gtest_main.cc
Note: Google Test filter = AVLStress.Remove
[==========] Running 1 test from 1 test suite.
[----------] Global test environment set-up.
[----------] 1 test from AVLStress
[ RUN      ] AVLStress.Remove
Before any removals, tree is: 
         [02]
     ┌───┘  └───┐            
   [01]        [04]
              ┌┘  └┐      
            [03]  [05]

Tree Placeholders:------------------
[01] -> (1, -50)
[02] -> (2, 8)
[03] -> (3, 0)
[04] -> (10, 0)
[05] -> (15, 0)

After removing -1 (which doesn't exist), tree is: 
         [02]
     ┌───┘  └───┐            
   [01]        [04]
              ┌┘  └┐      
            [03]  [05]

Tree Placeholders:------------------
[01] -> (1, -50)
[02] -> (2, 8)
[03] -> (3, 0)
[04] -> (10, 0)
[05] -> (15, 0)

After removing 2 (the root), tree is: 
         [03]
     ┌───┘  └───┐            
   [01]        [04]
      └┐                  
      [02]            

Tree Placeholders:------------------
[01] -> (1, -50)
[02] -> (3, 0)
[03] -> (10, 0)
[04] -> (15, 0)

After removing 10, tree is: 
   [02]
  ┌┘  └┐      
[01]  [03]

Tree Placeholders:------------------
[01] -> (1, -50)
[02] -> (3, 0)
[03] -> (15, 0)

After removing 1, tree is: 
   [01]
      └┐      
      [02]

Tree Placeholders:------------------
[01] -> (3, 0)
[02] -> (15, 0)

After removing 3, tree is: 
[01]

Tree Placeholders:------------------
[01] -> (15, 0)

After removing 15 (the last element), tree is: 
<empty tree>

After removing 15 (which doesn't exist), tree is: 
<empty tree>

[       OK ] AVLStress.Remove (140 ms)
[----------] 1 test from AVLStress (146 ms total)

[----------] Global test environment tear-down
[==========] 1 test from 1 test suite ran. (170 ms total)
[  PASSED  ] 1 test.
==61477== 
==61477== HEAP SUMMARY:
==61477==     in use at exit: 0 bytes in 0 blocks
==61477==   total heap usage: 496 allocs, 496 frees, 132,177 bytes allocated
==61477== 
==61477== All heap blocks were freed -- no leaks are possible
==61477== 
==61477== For lists of detected and suppressed errors, rerun with: -s
==61477== ERROR SUMMARY: 0 errors from 0 contexts (suppressed: 0 from 0)
<end of output>
Test time =   1.20 sec
----------------------------------------------------------
Test Passed.
"AVLStress.Remove" end time: Apr 04 20:35 UTC
"AVLStress.Remove" time elapsed: 00:00:01
----------------------------------------------------------

End testing: Apr 04 20:35 UTC
